<?xml version="1.0" encoding="UTF-8"?>
<robot generator="Robot 7.3.2 (Python 3.13.7 on darwin)" generated="2025-09-15T21:05:18.240685" rpa="false" schemaversion="5">
<suite id="s1" name="Smoke Test &amp; Valid &amp; Invalid">
<suite id="s1-s1" name="Smoke Test" source="/Users/kriangkrai/eclipse-workspace/SQA/Assignment/Lab10_UAT/UAT/smoke_test.robot">
<kw name="Suite Setup" owner="keywords" type="SETUP">
<kw name="Open Test Browser" owner="keywords">
<kw name="Open Browser" owner="SeleniumLibrary">
<msg time="2025-09-15T21:05:18.296030" level="INFO">Opening browser 'Firefox' to base url 'http://localhost:7272/Lab10/Registration.html'.</msg>
<arg>${REGISTRATION_URL}</arg>
<arg>${BROWSER}</arg>
<doc>Opens a new browser instance to the optional ``url``.</doc>
<status status="PASS" start="2025-09-15T21:05:18.295924" elapsed="1.066519"/>
</kw>
<kw name="Set Selenium Speed" owner="SeleniumLibrary">
<arg>${DELAY}</arg>
<doc>Sets the delay that is waited after each Selenium command.</doc>
<status status="PASS" start="2025-09-15T21:05:19.362713" elapsed="0.000253"/>
</kw>
<kw name="Set Window Size" owner="SeleniumLibrary">
<arg>1280</arg>
<arg>720</arg>
<doc>Sets current windows size to given ``width`` and ``height``.</doc>
<status status="PASS" start="2025-09-15T21:05:19.363031" elapsed="0.317933"/>
</kw>
<doc>เปิด Browser สำหรับการทดสอบ</doc>
<status status="PASS" start="2025-09-15T21:05:18.295698" elapsed="1.385413"/>
</kw>
<doc>Setup สำหรับ test suite</doc>
<status status="PASS" start="2025-09-15T21:05:18.295586" elapsed="1.385586"/>
</kw>
<test id="s1-s1-t1" name="SMOKE-001: Page Load Test" line="12">
<kw name="Test Setup" owner="keywords" type="SETUP">
<kw name="Navigate To Registration Page" owner="keywords">
<kw name="Go To" owner="SeleniumLibrary">
<msg time="2025-09-15T21:05:19.682410" level="INFO">Opening url 'http://localhost:7272/Lab10/Registration.html'</msg>
<arg>${REGISTRATION_URL}</arg>
<doc>Navigates the current browser window to the provided ``url``.</doc>
<status status="PASS" start="2025-09-15T21:05:19.682308" elapsed="0.314160"/>
</kw>
<kw name="Wait Until Page Contains Element" owner="SeleniumLibrary">
<arg>${FIRSTNAME_FIELD}</arg>
<arg>timeout=10s</arg>
<doc>Waits until the element ``locator`` appears on the current page.</doc>
<status status="PASS" start="2025-09-15T21:05:19.996615" elapsed="0.311060"/>
</kw>
<kw name="Page Should Contain" owner="SeleniumLibrary">
<msg time="2025-09-15T21:05:20.927434" level="INFO">Current page contains text 'Event Registration'.</msg>
<arg>Event Registration</arg>
<doc>Verifies that current page contains ``text``.</doc>
<status status="PASS" start="2025-09-15T21:05:20.308249" elapsed="0.619525"/>
</kw>
<doc>ไปยังหน้า Event Registration</doc>
<status status="PASS" start="2025-09-15T21:05:19.682161" elapsed="1.245884"/>
</kw>
<doc>Setup สำหรับแต่ละ test case</doc>
<status status="PASS" start="2025-09-15T21:05:19.681957" elapsed="1.246235"/>
</kw>
<kw name="Page Should Contain" owner="SeleniumLibrary">
<msg time="2025-09-15T21:05:21.545787" level="INFO">Current page contains text 'Event Registration'.</msg>
<arg>Event Registration</arg>
<doc>Verifies that current page contains ``text``.</doc>
<status status="PASS" start="2025-09-15T21:05:20.928795" elapsed="0.617271"/>
</kw>
<kw name="Element Should Be Visible" owner="SeleniumLibrary">
<msg time="2025-09-15T21:05:22.172703" level="INFO">Element 'id:firstname' is displayed.</msg>
<arg>${FIRSTNAME_FIELD}</arg>
<doc>Verifies that the element identified by ``locator`` is visible.</doc>
<status status="PASS" start="2025-09-15T21:05:21.546709" elapsed="0.626265"/>
</kw>
<kw name="Element Should Be Visible" owner="SeleniumLibrary">
<msg time="2025-09-15T21:05:22.795581" level="INFO">Element 'id:lastname' is displayed.</msg>
<arg>${LASTNAME_FIELD}</arg>
<doc>Verifies that the element identified by ``locator`` is visible.</doc>
<status status="PASS" start="2025-09-15T21:05:22.173470" elapsed="0.622451"/>
</kw>
<kw name="Element Should Be Visible" owner="SeleniumLibrary">
<msg time="2025-09-15T21:05:23.419892" level="INFO">Element 'id:registerButton' is displayed.</msg>
<arg>${REGISTER_BUTTON}</arg>
<doc>Verifies that the element identified by ``locator`` is visible.</doc>
<status status="PASS" start="2025-09-15T21:05:22.796514" elapsed="0.623714"/>
</kw>
<kw name="Test Teardown" owner="keywords" type="TEARDOWN">
<kw name="Run Keyword If" owner="BuiltIn">
<arg>'${TEST STATUS}' == 'FAIL'</arg>
<arg>Capture Page Screenshot</arg>
<doc>Runs the given keyword with the given arguments, if ``condition`` is true.</doc>
<status status="PASS" start="2025-09-15T21:05:23.422085" elapsed="0.000560"/>
</kw>
<kw name="Run Keyword And Ignore Error" owner="BuiltIn">
<kw name="Go To" owner="SeleniumLibrary">
<msg time="2025-09-15T21:05:23.423524" level="INFO">Opening url 'http://localhost:7272/Lab10/Registration.html'</msg>
<arg>${REGISTRATION_URL}</arg>
<doc>Navigates the current browser window to the provided ``url``.</doc>
<status status="PASS" start="2025-09-15T21:05:23.423237" elapsed="0.322565"/>
</kw>
<arg>Go To</arg>
<arg>${REGISTRATION_URL}</arg>
<doc>Runs the given keyword with the given arguments and ignores possible error.</doc>
<status status="PASS" start="2025-09-15T21:05:23.422916" elapsed="0.323195"/>
</kw>
<kw name="Sleep" owner="BuiltIn">
<msg time="2025-09-15T21:05:24.747925" level="INFO">Slept 1 second.</msg>
<arg>1s</arg>
<doc>Pauses the test executed for the given time.</doc>
<status status="PASS" start="2025-09-15T21:05:23.746502" elapsed="1.001738"/>
</kw>
<kw name="Run Keyword And Ignore Error" owner="BuiltIn">
<kw name="Clear All Form Fields" owner="keywords">
<kw name="Execute Javascript" owner="SeleniumLibrary">
<msg time="2025-09-15T21:05:24.750924" level="INFO">Executing JavaScript:
try {document.getElementById('firstname').value = '';document.getElementById('lastname').value = '';document.getElementById('organization').value = '';document.getElementById('email').value = '';document.getElementById('phone').value = '';document.getElementById('errors').innerHTML = '';} catch(e) {console.log('Form clearing error: ' + e.message);}
Without any arguments.</msg>
<arg>try {</arg>
<arg>document.getElementById('firstname').value = '';</arg>
<arg>document.getElementById('lastname').value = '';</arg>
<arg>document.getElementById('organization').value = '';</arg>
<arg>document.getElementById('email').value = '';</arg>
<arg>document.getElementById('phone').value = '';</arg>
<arg>document.getElementById('errors').innerHTML = '';</arg>
<arg>} catch(e) {</arg>
<arg>console.log('Form clearing error: ' + e.message);</arg>
<arg>}</arg>
<doc>Executes the given JavaScript code with possible arguments.</doc>
<status status="PASS" start="2025-09-15T21:05:24.749817" elapsed="0.310629"/>
</kw>
<doc>ล้างข้อมูลทุกช่องในฟอร์ม</doc>
<status status="PASS" start="2025-09-15T21:05:24.749234" elapsed="0.311512"/>
</kw>
<arg>Clear All Form Fields</arg>
<doc>Runs the given keyword with the given arguments and ignores possible error.</doc>
<status status="PASS" start="2025-09-15T21:05:24.748708" elapsed="0.312157"/>
</kw>
<doc>Teardown สำหรับแต่ละ test case</doc>
<status status="PASS" start="2025-09-15T21:05:23.421274" elapsed="1.639710"/>
</kw>
<doc>ทดสอบการโหลดหน้าเว็บ</doc>
<tag>Critical</tag>
<tag>Smoke</tag>
<status status="PASS" start="2025-09-15T21:05:19.681268" elapsed="5.379910"/>
</test>
<test id="s1-s1-t2" name="SMOKE-002: Basic Registration Flow" line="20">
<kw name="Test Setup" owner="keywords" type="SETUP">
<kw name="Navigate To Registration Page" owner="keywords">
<kw name="Go To" owner="SeleniumLibrary">
<msg time="2025-09-15T21:05:25.063854" level="INFO">Opening url 'http://localhost:7272/Lab10/Registration.html'</msg>
<arg>${REGISTRATION_URL}</arg>
<doc>Navigates the current browser window to the provided ``url``.</doc>
<status status="PASS" start="2025-09-15T21:05:25.063712" elapsed="0.324019"/>
</kw>
<kw name="Wait Until Page Contains Element" owner="SeleniumLibrary">
<arg>${FIRSTNAME_FIELD}</arg>
<arg>timeout=10s</arg>
<doc>Waits until the element ``locator`` appears on the current page.</doc>
<status status="PASS" start="2025-09-15T21:05:25.388281" elapsed="0.308184"/>
</kw>
<kw name="Page Should Contain" owner="SeleniumLibrary">
<msg time="2025-09-15T21:05:26.317661" level="INFO">Current page contains text 'Event Registration'.</msg>
<arg>Event Registration</arg>
<doc>Verifies that current page contains ``text``.</doc>
<status status="PASS" start="2025-09-15T21:05:25.697033" elapsed="0.620841"/>
</kw>
<doc>ไปยังหน้า Event Registration</doc>
<status status="PASS" start="2025-09-15T21:05:25.063506" elapsed="1.254551"/>
</kw>
<doc>Setup สำหรับแต่ละ test case</doc>
<status status="PASS" start="2025-09-15T21:05:25.063227" elapsed="1.254953"/>
</kw>
<kw name="Fill Registration Form Without Organization" owner="keywords">
<kw name="Clear All Form Fields" owner="keywords">
<kw name="Execute Javascript" owner="SeleniumLibrary">
<msg time="2025-09-15T21:05:26.319921" level="INFO">Executing JavaScript:
try {document.getElementById('firstname').value = '';document.getElementById('lastname').value = '';document.getElementById('organization').value = '';document.getElementById('email').value = '';document.getElementById('phone').value = '';document.getElementById('errors').innerHTML = '';} catch(e) {console.log('Form clearing error: ' + e.message);}
Without any arguments.</msg>
<arg>try {</arg>
<arg>document.getElementById('firstname').value = '';</arg>
<arg>document.getElementById('lastname').value = '';</arg>
<arg>document.getElementById('organization').value = '';</arg>
<arg>document.getElementById('email').value = '';</arg>
<arg>document.getElementById('phone').value = '';</arg>
<arg>document.getElementById('errors').innerHTML = '';</arg>
<arg>} catch(e) {</arg>
<arg>console.log('Form clearing error: ' + e.message);</arg>
<arg>}</arg>
<doc>Executes the given JavaScript code with possible arguments.</doc>
<status status="PASS" start="2025-09-15T21:05:26.319527" elapsed="0.309055"/>
</kw>
<doc>ล้างข้อมูลทุกช่องในฟอร์ม</doc>
<status status="PASS" start="2025-09-15T21:05:26.319361" elapsed="0.309510"/>
</kw>
<kw name="Fill Form Field" owner="keywords">
<kw name="Wait Until Element Is Visible" owner="SeleniumLibrary">
<arg>${field_locator}</arg>
<arg>timeout=10s</arg>
<doc>Waits until the element ``locator`` is visible.</doc>
<status status="PASS" start="2025-09-15T21:05:26.629927" elapsed="0.611608"/>
</kw>
<kw name="Clear Element Text" owner="SeleniumLibrary">
<arg>${field_locator}</arg>
<doc>Clears the value of the text-input-element identified by ``locator``.</doc>
<status status="PASS" start="2025-09-15T21:05:27.241715" elapsed="0.619959"/>
</kw>
<kw name="Input Text" owner="SeleniumLibrary">
<msg time="2025-09-15T21:05:27.862785" level="INFO">Typing text 'Somsri' into text field 'id:firstname'.</msg>
<arg>${field_locator}</arg>
<arg>${value}</arg>
<doc>Types the given ``text`` into the text field identified by ``locator``.</doc>
<status status="PASS" start="2025-09-15T21:05:27.862163" elapsed="0.963612"/>
</kw>
<arg>${FIRSTNAME_FIELD}</arg>
<arg>${firstname}</arg>
<doc>กรอกข้อมูลในช่องที่กำหนด</doc>
<status status="PASS" start="2025-09-15T21:05:26.629247" elapsed="2.196855"/>
</kw>
<kw name="Fill Form Field" owner="keywords">
<kw name="Wait Until Element Is Visible" owner="SeleniumLibrary">
<arg>${field_locator}</arg>
<arg>timeout=10s</arg>
<doc>Waits until the element ``locator`` is visible.</doc>
<status status="PASS" start="2025-09-15T21:05:28.827437" elapsed="0.620675"/>
</kw>
<kw name="Clear Element Text" owner="SeleniumLibrary">
<arg>${field_locator}</arg>
<doc>Clears the value of the text-input-element identified by ``locator``.</doc>
<status status="PASS" start="2025-09-15T21:05:29.448643" elapsed="0.615003"/>
</kw>
<kw name="Input Text" owner="SeleniumLibrary">
<msg time="2025-09-15T21:05:30.064859" level="INFO">Typing text 'Sodsai' into text field 'id:lastname'.</msg>
<arg>${field_locator}</arg>
<arg>${value}</arg>
<doc>Types the given ``text`` into the text field identified by ``locator``.</doc>
<status status="PASS" start="2025-09-15T21:05:30.064175" elapsed="0.935402"/>
</kw>
<arg>${LASTNAME_FIELD}</arg>
<arg>${lastname}</arg>
<doc>กรอกข้อมูลในช่องที่กำหนด</doc>
<status status="PASS" start="2025-09-15T21:05:28.826615" elapsed="2.173309"/>
</kw>
<kw name="Fill Form Field" owner="keywords">
<kw name="Wait Until Element Is Visible" owner="SeleniumLibrary">
<arg>${field_locator}</arg>
<arg>timeout=10s</arg>
<doc>Waits until the element ``locator`` is visible.</doc>
<status status="PASS" start="2025-09-15T21:05:31.001315" elapsed="0.616556"/>
</kw>
<kw name="Clear Element Text" owner="SeleniumLibrary">
<arg>${field_locator}</arg>
<doc>Clears the value of the text-input-element identified by ``locator``.</doc>
<status status="PASS" start="2025-09-15T21:05:31.618391" elapsed="0.621894"/>
</kw>
<kw name="Input Text" owner="SeleniumLibrary">
<msg time="2025-09-15T21:05:32.241502" level="INFO">Typing text 'somsri@kkumail.com' into text field 'id:email'.</msg>
<arg>${field_locator}</arg>
<arg>${value}</arg>
<doc>Types the given ``text`` into the text field identified by ``locator``.</doc>
<status status="PASS" start="2025-09-15T21:05:32.240811" elapsed="0.933490"/>
</kw>
<arg>${EMAIL_FIELD}</arg>
<arg>${email}</arg>
<doc>กรอกข้อมูลในช่องที่กำหนด</doc>
<status status="PASS" start="2025-09-15T21:05:31.000446" elapsed="2.174218"/>
</kw>
<kw name="Fill Form Field" owner="keywords">
<kw name="Wait Until Element Is Visible" owner="SeleniumLibrary">
<arg>${field_locator}</arg>
<arg>timeout=10s</arg>
<doc>Waits until the element ``locator`` is visible.</doc>
<status status="PASS" start="2025-09-15T21:05:33.176028" elapsed="0.622421"/>
</kw>
<kw name="Clear Element Text" owner="SeleniumLibrary">
<arg>${field_locator}</arg>
<doc>Clears the value of the text-input-element identified by ``locator``.</doc>
<status status="PASS" start="2025-09-15T21:05:33.798831" elapsed="0.613500"/>
</kw>
<kw name="Input Text" owner="SeleniumLibrary">
<msg time="2025-09-15T21:05:34.413191" level="INFO">Typing text '081-001-1234' into text field 'id:phone'.</msg>
<arg>${field_locator}</arg>
<arg>${value}</arg>
<doc>Types the given ``text`` into the text field identified by ``locator``.</doc>
<status status="PASS" start="2025-09-15T21:05:34.412697" elapsed="0.935928"/>
</kw>
<arg>${PHONE_FIELD}</arg>
<arg>${phone}</arg>
<doc>กรอกข้อมูลในช่องที่กำหนด</doc>
<status status="PASS" start="2025-09-15T21:05:33.175196" elapsed="2.173784"/>
</kw>
<doc>กรอกฟอร์มลงทะเบียนโดยไม่มีองค์กร</doc>
<status status="PASS" start="2025-09-15T21:05:26.318661" elapsed="9.030508"/>
</kw>
<kw name="Submit Registration Form" owner="keywords">
<kw name="Click Button" owner="SeleniumLibrary">
<msg time="2025-09-15T21:05:35.350916" level="INFO">Clicking button 'id:registerButton'.</msg>
<arg>${REGISTER_BUTTON}</arg>
<doc>Clicks the button identified by ``locator``.</doc>
<status status="PASS" start="2025-09-15T21:05:35.350446" elapsed="0.950302"/>
</kw>
<kw name="Sleep" owner="BuiltIn">
<msg time="2025-09-15T21:05:38.303311" level="INFO">Slept 2 seconds.</msg>
<arg>2s</arg>
<doc>Pauses the test executed for the given time.</doc>
<status status="PASS" start="2025-09-15T21:05:36.301311" elapsed="2.002315"/>
</kw>
<doc>กดปุ่มลงทะเบียน</doc>
<status status="PASS" start="2025-09-15T21:05:35.349808" elapsed="2.954075"/>
</kw>
<kw name="Verify Success Page" owner="keywords">
<kw name="Wait Until Location Contains" owner="config">
<kw name="Wait Until Keyword Succeeds" owner="BuiltIn">
<kw name="Location Should Contain" owner="SeleniumLibrary">
<msg time="2025-09-15T21:05:38.615207" level="INFO">Current location contains 'Success.html'.</msg>
<arg>${expected_text}</arg>
<doc>Verifies that the current URL contains ``expected``.</doc>
<status status="PASS" start="2025-09-15T21:05:38.306637" elapsed="0.308838"/>
</kw>
<arg>${timeout}</arg>
<arg>1s</arg>
<arg>Location Should Contain</arg>
<arg>${expected_text}</arg>
<doc>Runs the specified keyword and retries if it fails.</doc>
<status status="PASS" start="2025-09-15T21:05:38.306071" elapsed="0.309805"/>
</kw>
<arg>Success.html</arg>
<arg>timeout=15s</arg>
<doc>รอจนกว่า URL จะมีข้อความที่กำหนด</doc>
<status status="PASS" start="2025-09-15T21:05:38.305339" elapsed="0.310732"/>
</kw>
<kw name="Wait Until Page Contains" owner="SeleniumLibrary">
<arg>Success</arg>
<arg>timeout=10s</arg>
<doc>Waits until ``text`` appears on the current page.</doc>
<status status="PASS" start="2025-09-15T21:05:38.616387" elapsed="0.312165"/>
</kw>
<kw name="Page Should Contain" owner="SeleniumLibrary">
<msg time="2025-09-15T21:05:39.547264" level="INFO">Current page contains text 'Thank you for participating in our event'.</msg>
<arg>Thank you for participating in our event</arg>
<doc>Verifies that current page contains ``text``.</doc>
<status status="PASS" start="2025-09-15T21:05:38.929044" elapsed="0.618504"/>
</kw>
<kw name="Title Should Be" owner="SeleniumLibrary">
<msg time="2025-09-15T21:05:39.856259" level="INFO">Page title is 'Success'.</msg>
<arg>Success</arg>
<doc>Verifies that the current page title equals ``title``.</doc>
<status status="PASS" start="2025-09-15T21:05:39.547970" elapsed="0.308578"/>
</kw>
<kw name="Log" owner="BuiltIn">
<msg time="2025-09-15T21:05:39.857336" level="INFO">Success page verified successfully</msg>
<arg>Success page verified successfully</arg>
<doc>Logs the given message with the given level.</doc>
<status status="PASS" start="2025-09-15T21:05:39.857017" elapsed="0.000414"/>
</kw>
<doc>ตรวจสอบหน้า Success</doc>
<status status="PASS" start="2025-09-15T21:05:38.304569" elapsed="1.553019"/>
</kw>
<kw name="Test Teardown" owner="keywords" type="TEARDOWN">
<kw name="Run Keyword If" owner="BuiltIn">
<arg>'${TEST STATUS}' == 'FAIL'</arg>
<arg>Capture Page Screenshot</arg>
<doc>Runs the given keyword with the given arguments, if ``condition`` is true.</doc>
<status status="PASS" start="2025-09-15T21:05:39.858849" elapsed="0.000425"/>
</kw>
<kw name="Run Keyword And Ignore Error" owner="BuiltIn">
<kw name="Go To" owner="SeleniumLibrary">
<msg time="2025-09-15T21:05:39.860026" level="INFO">Opening url 'http://localhost:7272/Lab10/Registration.html'</msg>
<arg>${REGISTRATION_URL}</arg>
<doc>Navigates the current browser window to the provided ``url``.</doc>
<status status="PASS" start="2025-09-15T21:05:39.859731" elapsed="0.322599"/>
</kw>
<arg>Go To</arg>
<arg>${REGISTRATION_URL}</arg>
<doc>Runs the given keyword with the given arguments and ignores possible error.</doc>
<status status="PASS" start="2025-09-15T21:05:39.859487" elapsed="0.323158"/>
</kw>
<kw name="Sleep" owner="BuiltIn">
<msg time="2025-09-15T21:05:41.184053" level="INFO">Slept 1 second.</msg>
<arg>1s</arg>
<doc>Pauses the test executed for the given time.</doc>
<status status="PASS" start="2025-09-15T21:05:40.183071" elapsed="1.001309"/>
</kw>
<kw name="Run Keyword And Ignore Error" owner="BuiltIn">
<kw name="Clear All Form Fields" owner="keywords">
<kw name="Execute Javascript" owner="SeleniumLibrary">
<msg time="2025-09-15T21:05:41.187069" level="INFO">Executing JavaScript:
try {document.getElementById('firstname').value = '';document.getElementById('lastname').value = '';document.getElementById('organization').value = '';document.getElementById('email').value = '';document.getElementById('phone').value = '';document.getElementById('errors').innerHTML = '';} catch(e) {console.log('Form clearing error: ' + e.message);}
Without any arguments.</msg>
<arg>try {</arg>
<arg>document.getElementById('firstname').value = '';</arg>
<arg>document.getElementById('lastname').value = '';</arg>
<arg>document.getElementById('organization').value = '';</arg>
<arg>document.getElementById('email').value = '';</arg>
<arg>document.getElementById('phone').value = '';</arg>
<arg>document.getElementById('errors').innerHTML = '';</arg>
<arg>} catch(e) {</arg>
<arg>console.log('Form clearing error: ' + e.message);</arg>
<arg>}</arg>
<doc>Executes the given JavaScript code with possible arguments.</doc>
<status status="PASS" start="2025-09-15T21:05:41.186022" elapsed="0.313154"/>
</kw>
<doc>ล้างข้อมูลทุกช่องในฟอร์ม</doc>
<status status="PASS" start="2025-09-15T21:05:41.185406" elapsed="0.314176"/>
</kw>
<arg>Clear All Form Fields</arg>
<doc>Runs the given keyword with the given arguments and ignores possible error.</doc>
<status status="PASS" start="2025-09-15T21:05:41.184845" elapsed="0.314880"/>
</kw>
<doc>Teardown สำหรับแต่ละ test case</doc>
<status status="PASS" start="2025-09-15T21:05:39.858288" elapsed="1.641572"/>
</kw>
<doc>ทดสอบ flow การลงทะเบียนพื้นฐาน</doc>
<tag>Critical</tag>
<tag>Smoke</tag>
<status status="PASS" start="2025-09-15T21:05:25.061792" elapsed="16.438347"/>
</test>
<test id="s1-s1-t3" name="SMOKE-003: Basic Validation Flow" line="27">
<kw name="Test Setup" owner="keywords" type="SETUP">
<kw name="Navigate To Registration Page" owner="keywords">
<kw name="Go To" owner="SeleniumLibrary">
<msg time="2025-09-15T21:05:41.503596" level="INFO">Opening url 'http://localhost:7272/Lab10/Registration.html'</msg>
<arg>${REGISTRATION_URL}</arg>
<doc>Navigates the current browser window to the provided ``url``.</doc>
<status status="PASS" start="2025-09-15T21:05:41.503306" elapsed="0.320908"/>
</kw>
<kw name="Wait Until Page Contains Element" owner="SeleniumLibrary">
<arg>${FIRSTNAME_FIELD}</arg>
<arg>timeout=10s</arg>
<doc>Waits until the element ``locator`` appears on the current page.</doc>
<status status="PASS" start="2025-09-15T21:05:41.824762" elapsed="0.311736"/>
</kw>
<kw name="Page Should Contain" owner="SeleniumLibrary">
<msg time="2025-09-15T21:05:42.757319" level="INFO">Current page contains text 'Event Registration'.</msg>
<arg>Event Registration</arg>
<doc>Verifies that current page contains ``text``.</doc>
<status status="PASS" start="2025-09-15T21:05:42.137038" elapsed="0.620596"/>
</kw>
<doc>ไปยังหน้า Event Registration</doc>
<status status="PASS" start="2025-09-15T21:05:41.502899" elapsed="1.254997"/>
</kw>
<doc>Setup สำหรับแต่ละ test case</doc>
<status status="PASS" start="2025-09-15T21:05:41.502326" elapsed="1.255713"/>
</kw>
<kw name="Submit Registration Form" owner="keywords">
<kw name="Click Button" owner="SeleniumLibrary">
<msg time="2025-09-15T21:05:42.759772" level="INFO">Clicking button 'id:registerButton'.</msg>
<arg>${REGISTER_BUTTON}</arg>
<doc>Clicks the button identified by ``locator``.</doc>
<status status="PASS" start="2025-09-15T21:05:42.759310" elapsed="0.989114"/>
</kw>
<kw name="Sleep" owner="BuiltIn">
<msg time="2025-09-15T21:05:45.750795" level="INFO">Slept 2 seconds.</msg>
<arg>2s</arg>
<doc>Pauses the test executed for the given time.</doc>
<status status="PASS" start="2025-09-15T21:05:43.748893" elapsed="2.002227"/>
</kw>
<doc>กดปุ่มลงทะเบียน</doc>
<status status="PASS" start="2025-09-15T21:05:42.758667" elapsed="2.992710"/>
</kw>
<kw name="Verify Error Message" owner="keywords">
<kw name="Wait Until Element Contains" owner="SeleniumLibrary">
<arg>${ERROR_MESSAGE}</arg>
<arg>${expected_message}</arg>
<arg>timeout=10s</arg>
<doc>Waits until the element ``locator`` contains ``text``.</doc>
<status status="PASS" start="2025-09-15T21:05:45.752754" elapsed="0.626303"/>
</kw>
<kw name="Element Should Contain" owner="SeleniumLibrary">
<msg time="2025-09-15T21:05:46.999600" level="INFO">Element 'id:errors' contains text '*Please enter your name!!'.</msg>
<arg>${ERROR_MESSAGE}</arg>
<arg>${expected_message}</arg>
<doc>Verifies that element ``locator`` contains text ``expected``.</doc>
<status status="PASS" start="2025-09-15T21:05:46.379557" elapsed="0.620407"/>
</kw>
<arg>${MSG_ENTER_NAME}</arg>
<doc>ตรวจสอบข้อความแสดงข้อผิดพลาด</doc>
<status status="PASS" start="2025-09-15T21:05:45.752009" elapsed="1.248224"/>
</kw>
<kw name="Verify Still On Registration Page" owner="keywords">
<kw name="Location Should Contain" owner="SeleniumLibrary">
<msg time="2025-09-15T21:05:47.309798" level="INFO">Current location contains 'Registration.html'.</msg>
<arg>Registration.html</arg>
<doc>Verifies that the current URL contains ``expected``.</doc>
<status status="PASS" start="2025-09-15T21:05:47.001688" elapsed="0.308422"/>
</kw>
<kw name="Page Should Contain" owner="SeleniumLibrary">
<msg time="2025-09-15T21:05:47.927818" level="INFO">Current page contains text 'Event Registration'.</msg>
<arg>Event Registration</arg>
<doc>Verifies that current page contains ``text``.</doc>
<status status="PASS" start="2025-09-15T21:05:47.310540" elapsed="0.617585"/>
</kw>
<doc>ตรวจสอบว่ายังอยู่ในหน้า Registration</doc>
<status status="PASS" start="2025-09-15T21:05:47.001062" elapsed="0.927282"/>
</kw>
<kw name="Test Teardown" owner="keywords" type="TEARDOWN">
<kw name="Run Keyword If" owner="BuiltIn">
<arg>'${TEST STATUS}' == 'FAIL'</arg>
<arg>Capture Page Screenshot</arg>
<doc>Runs the given keyword with the given arguments, if ``condition`` is true.</doc>
<status status="PASS" start="2025-09-15T21:05:47.929580" elapsed="0.000329"/>
</kw>
<kw name="Run Keyword And Ignore Error" owner="BuiltIn">
<kw name="Go To" owner="SeleniumLibrary">
<msg time="2025-09-15T21:05:47.930482" level="INFO">Opening url 'http://localhost:7272/Lab10/Registration.html'</msg>
<arg>${REGISTRATION_URL}</arg>
<doc>Navigates the current browser window to the provided ``url``.</doc>
<status status="PASS" start="2025-09-15T21:05:47.930272" elapsed="0.330462"/>
</kw>
<arg>Go To</arg>
<arg>${REGISTRATION_URL}</arg>
<doc>Runs the given keyword with the given arguments and ignores possible error.</doc>
<status status="PASS" start="2025-09-15T21:05:47.930076" elapsed="0.330954"/>
</kw>
<kw name="Sleep" owner="BuiltIn">
<msg time="2025-09-15T21:05:49.262634" level="INFO">Slept 1 second.</msg>
<arg>1s</arg>
<doc>Pauses the test executed for the given time.</doc>
<status status="PASS" start="2025-09-15T21:05:48.261415" elapsed="1.001305"/>
</kw>
<kw name="Run Keyword And Ignore Error" owner="BuiltIn">
<kw name="Clear All Form Fields" owner="keywords">
<kw name="Execute Javascript" owner="SeleniumLibrary">
<msg time="2025-09-15T21:05:49.263323" level="INFO">Executing JavaScript:
try {document.getElementById('firstname').value = '';document.getElementById('lastname').value = '';document.getElementById('organization').value = '';document.getElementById('email').value = '';document.getElementById('phone').value = '';document.getElementById('errors').innerHTML = '';} catch(e) {console.log('Form clearing error: ' + e.message);}
Without any arguments.</msg>
<arg>try {</arg>
<arg>document.getElementById('firstname').value = '';</arg>
<arg>document.getElementById('lastname').value = '';</arg>
<arg>document.getElementById('organization').value = '';</arg>
<arg>document.getElementById('email').value = '';</arg>
<arg>document.getElementById('phone').value = '';</arg>
<arg>document.getElementById('errors').innerHTML = '';</arg>
<arg>} catch(e) {</arg>
<arg>console.log('Form clearing error: ' + e.message);</arg>
<arg>}</arg>
<doc>Executes the given JavaScript code with possible arguments.</doc>
<status status="PASS" start="2025-09-15T21:05:49.263087" elapsed="0.303490"/>
</kw>
<doc>ล้างข้อมูลทุกช่องในฟอร์ม</doc>
<status status="PASS" start="2025-09-15T21:05:49.262955" elapsed="0.303728"/>
</kw>
<arg>Clear All Form Fields</arg>
<doc>Runs the given keyword with the given arguments and ignores possible error.</doc>
<status status="PASS" start="2025-09-15T21:05:49.262834" elapsed="0.303880"/>
</kw>
<doc>Teardown สำหรับแต่ละ test case</doc>
<status status="PASS" start="2025-09-15T21:05:47.929037" elapsed="1.637704"/>
</kw>
<doc>ทดสอบ validation พื้นฐาน</doc>
<tag>Critical</tag>
<tag>Smoke</tag>
<status status="PASS" start="2025-09-15T21:05:41.500894" elapsed="8.065908"/>
</test>
<kw name="Suite Teardown" owner="keywords" type="TEARDOWN">
<kw name="Close Test Browser" owner="keywords">
<kw name="Close Browser" owner="SeleniumLibrary">
<doc>Closes the current browser.</doc>
<status status="PASS" start="2025-09-15T21:05:49.567370" elapsed="0.663668"/>
</kw>
<doc>ปิด Browser</doc>
<status status="PASS" start="2025-09-15T21:05:49.567297" elapsed="0.663880"/>
</kw>
<doc>Teardown สำหรับ test suite</doc>
<status status="PASS" start="2025-09-15T21:05:49.567176" elapsed="0.664059"/>
</kw>
<doc>Smoke tests for Event Registration</doc>
<status status="PASS" start="2025-09-15T21:05:18.248705" elapsed="31.982566"/>
</suite>
<suite id="s1-s2" name="Valid" source="/Users/kriangkrai/eclipse-workspace/SQA/Assignment/Lab10_UAT/UAT/valid.robot">
<kw name="Suite Setup" owner="keywords" type="SETUP">
<kw name="Open Test Browser" owner="keywords">
<kw name="Open Browser" owner="SeleniumLibrary">
<msg time="2025-09-15T21:05:50.235580" level="INFO">Opening browser 'Firefox' to base url 'http://localhost:7272/Lab10/Registration.html'.</msg>
<arg>${REGISTRATION_URL}</arg>
<arg>${BROWSER}</arg>
<doc>Opens a new browser instance to the optional ``url``.</doc>
<status status="PASS" start="2025-09-15T21:05:50.235378" elapsed="1.398730"/>
</kw>
<kw name="Set Selenium Speed" owner="SeleniumLibrary">
<arg>${DELAY}</arg>
<doc>Sets the delay that is waited after each Selenium command.</doc>
<status status="PASS" start="2025-09-15T21:05:51.634497" elapsed="0.000405"/>
</kw>
<kw name="Set Window Size" owner="SeleniumLibrary">
<arg>1280</arg>
<arg>720</arg>
<doc>Sets current windows size to given ``width`` and ``height``.</doc>
<status status="PASS" start="2025-09-15T21:05:51.635004" elapsed="0.321874"/>
</kw>
<doc>เปิด Browser สำหรับการทดสอบ</doc>
<status status="PASS" start="2025-09-15T21:05:50.235216" elapsed="1.721773"/>
</kw>
<doc>Setup สำหรับ test suite</doc>
<status status="PASS" start="2025-09-15T21:05:50.235020" elapsed="1.722012"/>
</kw>
<test id="s1-s2-t1" name="UAT-Lab10-001-TC01: Register Success With Organization Info" line="12">
<kw name="Test Setup" owner="keywords" type="SETUP">
<kw name="Navigate To Registration Page" owner="keywords">
<kw name="Go To" owner="SeleniumLibrary">
<msg time="2025-09-15T21:05:51.957969" level="INFO">Opening url 'http://localhost:7272/Lab10/Registration.html'</msg>
<arg>${REGISTRATION_URL}</arg>
<doc>Navigates the current browser window to the provided ``url``.</doc>
<status status="PASS" start="2025-09-15T21:05:51.957901" elapsed="0.316843"/>
</kw>
<kw name="Wait Until Page Contains Element" owner="SeleniumLibrary">
<arg>${FIRSTNAME_FIELD}</arg>
<arg>timeout=10s</arg>
<doc>Waits until the element ``locator`` appears on the current page.</doc>
<status status="PASS" start="2025-09-15T21:05:52.275081" elapsed="0.321388"/>
</kw>
<kw name="Page Should Contain" owner="SeleniumLibrary">
<msg time="2025-09-15T21:05:53.219153" level="INFO">Current page contains text 'Event Registration'.</msg>
<arg>Event Registration</arg>
<doc>Verifies that current page contains ``text``.</doc>
<status status="PASS" start="2025-09-15T21:05:52.596979" elapsed="0.622516"/>
</kw>
<doc>ไปยังหน้า Event Registration</doc>
<status status="PASS" start="2025-09-15T21:05:51.957814" elapsed="1.261950"/>
</kw>
<doc>Setup สำหรับแต่ละ test case</doc>
<status status="PASS" start="2025-09-15T21:05:51.957683" elapsed="1.262229"/>
</kw>
<kw name="Fill Complete Registration Form" owner="keywords">
<kw name="Clear All Form Fields" owner="keywords">
<kw name="Execute Javascript" owner="SeleniumLibrary">
<msg time="2025-09-15T21:05:53.223348" level="INFO">Executing JavaScript:
try {document.getElementById('firstname').value = '';document.getElementById('lastname').value = '';document.getElementById('organization').value = '';document.getElementById('email').value = '';document.getElementById('phone').value = '';document.getElementById('errors').innerHTML = '';} catch(e) {console.log('Form clearing error: ' + e.message);}
Without any arguments.</msg>
<arg>try {</arg>
<arg>document.getElementById('firstname').value = '';</arg>
<arg>document.getElementById('lastname').value = '';</arg>
<arg>document.getElementById('organization').value = '';</arg>
<arg>document.getElementById('email').value = '';</arg>
<arg>document.getElementById('phone').value = '';</arg>
<arg>document.getElementById('errors').innerHTML = '';</arg>
<arg>} catch(e) {</arg>
<arg>console.log('Form clearing error: ' + e.message);</arg>
<arg>}</arg>
<doc>Executes the given JavaScript code with possible arguments.</doc>
<status status="PASS" start="2025-09-15T21:05:53.222202" elapsed="0.311184"/>
</kw>
<doc>ล้างข้อมูลทุกช่องในฟอร์ม</doc>
<status status="PASS" start="2025-09-15T21:05:53.221704" elapsed="0.311958"/>
</kw>
<kw name="Fill Form Field" owner="keywords">
<kw name="Wait Until Element Is Visible" owner="SeleniumLibrary">
<arg>${field_locator}</arg>
<arg>timeout=10s</arg>
<doc>Waits until the element ``locator`` is visible.</doc>
<status status="PASS" start="2025-09-15T21:05:53.534600" elapsed="0.627000"/>
</kw>
<kw name="Clear Element Text" owner="SeleniumLibrary">
<arg>${field_locator}</arg>
<doc>Clears the value of the text-input-element identified by ``locator``.</doc>
<status status="PASS" start="2025-09-15T21:05:54.162051" elapsed="0.622868"/>
</kw>
<kw name="Input Text" owner="SeleniumLibrary">
<msg time="2025-09-15T21:05:54.786112" level="INFO">Typing text 'Somsri' into text field 'id:firstname'.</msg>
<arg>${field_locator}</arg>
<arg>${value}</arg>
<doc>Types the given ``text`` into the text field identified by ``locator``.</doc>
<status status="PASS" start="2025-09-15T21:05:54.785415" elapsed="0.960042"/>
</kw>
<arg>${FIRSTNAME_FIELD}</arg>
<arg>${firstname}</arg>
<doc>กรอกข้อมูลในช่องที่กำหนด</doc>
<status status="PASS" start="2025-09-15T21:05:53.534053" elapsed="2.211756"/>
</kw>
<kw name="Fill Form Field" owner="keywords">
<kw name="Wait Until Element Is Visible" owner="SeleniumLibrary">
<arg>${field_locator}</arg>
<arg>timeout=10s</arg>
<doc>Waits until the element ``locator`` is visible.</doc>
<status status="PASS" start="2025-09-15T21:05:55.747149" elapsed="0.620073"/>
</kw>
<kw name="Clear Element Text" owner="SeleniumLibrary">
<arg>${field_locator}</arg>
<doc>Clears the value of the text-input-element identified by ``locator``.</doc>
<status status="PASS" start="2025-09-15T21:05:56.367798" elapsed="0.621541"/>
</kw>
<kw name="Input Text" owner="SeleniumLibrary">
<msg time="2025-09-15T21:05:56.990486" level="INFO">Typing text 'Sodsai' into text field 'id:lastname'.</msg>
<arg>${field_locator}</arg>
<arg>${value}</arg>
<doc>Types the given ``text`` into the text field identified by ``locator``.</doc>
<status status="PASS" start="2025-09-15T21:05:56.989827" elapsed="0.934591"/>
</kw>
<arg>${LASTNAME_FIELD}</arg>
<arg>${lastname}</arg>
<doc>กรอกข้อมูลในช่องที่กำหนด</doc>
<status status="PASS" start="2025-09-15T21:05:55.746327" elapsed="2.178460"/>
</kw>
<kw name="Fill Form Field" owner="keywords">
<kw name="Wait Until Element Is Visible" owner="SeleniumLibrary">
<arg>${field_locator}</arg>
<arg>timeout=10s</arg>
<doc>Waits until the element ``locator`` is visible.</doc>
<status status="PASS" start="2025-09-15T21:05:57.926186" elapsed="0.625014"/>
</kw>
<kw name="Clear Element Text" owner="SeleniumLibrary">
<arg>${field_locator}</arg>
<doc>Clears the value of the text-input-element identified by ``locator``.</doc>
<status status="PASS" start="2025-09-15T21:05:58.551698" elapsed="0.615237"/>
</kw>
<kw name="Input Text" owner="SeleniumLibrary">
<msg time="2025-09-15T21:05:59.167244" level="INFO">Typing text 'CS KKU' into text field 'id:organization'.</msg>
<arg>${field_locator}</arg>
<arg>${value}</arg>
<doc>Types the given ``text`` into the text field identified by ``locator``.</doc>
<status status="PASS" start="2025-09-15T21:05:59.167075" elapsed="0.932434"/>
</kw>
<arg>${ORGANIZATION_FIELD}</arg>
<arg>${organization}</arg>
<doc>กรอกข้อมูลในช่องที่กำหนด</doc>
<status status="PASS" start="2025-09-15T21:05:57.925331" elapsed="2.174532"/>
</kw>
<kw name="Fill Form Field" owner="keywords">
<kw name="Wait Until Element Is Visible" owner="SeleniumLibrary">
<arg>${field_locator}</arg>
<arg>timeout=10s</arg>
<doc>Waits until the element ``locator`` is visible.</doc>
<status status="PASS" start="2025-09-15T21:06:00.101251" elapsed="0.621059"/>
</kw>
<kw name="Clear Element Text" owner="SeleniumLibrary">
<arg>${field_locator}</arg>
<doc>Clears the value of the text-input-element identified by ``locator``.</doc>
<status status="PASS" start="2025-09-15T21:06:00.722800" elapsed="0.620035"/>
</kw>
<kw name="Input Text" owner="SeleniumLibrary">
<msg time="2025-09-15T21:06:01.343663" level="INFO">Typing text 'somsri@kkumail.com' into text field 'id:email'.</msg>
<arg>${field_locator}</arg>
<arg>${value}</arg>
<doc>Types the given ``text`` into the text field identified by ``locator``.</doc>
<status status="PASS" start="2025-09-15T21:06:01.343206" elapsed="0.932586"/>
</kw>
<arg>${EMAIL_FIELD}</arg>
<arg>${email}</arg>
<doc>กรอกข้อมูลในช่องที่กำหนด</doc>
<status status="PASS" start="2025-09-15T21:06:00.100401" elapsed="2.175735"/>
</kw>
<kw name="Fill Form Field" owner="keywords">
<kw name="Wait Until Element Is Visible" owner="SeleniumLibrary">
<arg>${field_locator}</arg>
<arg>timeout=10s</arg>
<doc>Waits until the element ``locator`` is visible.</doc>
<status status="PASS" start="2025-09-15T21:06:02.277503" elapsed="0.623686"/>
</kw>
<kw name="Clear Element Text" owner="SeleniumLibrary">
<arg>${field_locator}</arg>
<doc>Clears the value of the text-input-element identified by ``locator``.</doc>
<status status="PASS" start="2025-09-15T21:06:02.901713" elapsed="0.615170"/>
</kw>
<kw name="Input Text" owner="SeleniumLibrary">
<msg time="2025-09-15T21:06:03.518038" level="INFO">Typing text '081-001-1234' into text field 'id:phone'.</msg>
<arg>${field_locator}</arg>
<arg>${value}</arg>
<doc>Types the given ``text`` into the text field identified by ``locator``.</doc>
<status status="PASS" start="2025-09-15T21:06:03.517378" elapsed="0.936288"/>
</kw>
<arg>${PHONE_FIELD}</arg>
<arg>${phone}</arg>
<doc>กรอกข้อมูลในช่องที่กำหนด</doc>
<status status="PASS" start="2025-09-15T21:06:02.276667" elapsed="2.177239"/>
</kw>
<doc>กรอกฟอร์มลงทะเบียนแบบครบถ้วน</doc>
<status status="PASS" start="2025-09-15T21:05:53.220663" elapsed="11.233380"/>
</kw>
<kw name="Submit Registration Form" owner="keywords">
<kw name="Click Button" owner="SeleniumLibrary">
<msg time="2025-09-15T21:06:04.455300" level="INFO">Clicking button 'id:registerButton'.</msg>
<arg>${REGISTER_BUTTON}</arg>
<doc>Clicks the button identified by ``locator``.</doc>
<status status="PASS" start="2025-09-15T21:06:04.454943" elapsed="0.942963"/>
</kw>
<kw name="Sleep" owner="BuiltIn">
<msg time="2025-09-15T21:06:07.399969" level="INFO">Slept 2 seconds.</msg>
<arg>2s</arg>
<doc>Pauses the test executed for the given time.</doc>
<status status="PASS" start="2025-09-15T21:06:05.398604" elapsed="2.001682"/>
</kw>
<doc>กดปุ่มลงทะเบียน</doc>
<status status="PASS" start="2025-09-15T21:06:04.454463" elapsed="2.946082"/>
</kw>
<kw name="Verify Success Page" owner="keywords">
<kw name="Wait Until Location Contains" owner="config">
<kw name="Wait Until Keyword Succeeds" owner="BuiltIn">
<kw name="Location Should Contain" owner="SeleniumLibrary">
<msg time="2025-09-15T21:06:07.711499" level="INFO">Current location contains 'Success.html'.</msg>
<arg>${expected_text}</arg>
<doc>Verifies that the current URL contains ``expected``.</doc>
<status status="PASS" start="2025-09-15T21:06:07.403072" elapsed="0.308770"/>
</kw>
<arg>${timeout}</arg>
<arg>1s</arg>
<arg>Location Should Contain</arg>
<arg>${expected_text}</arg>
<doc>Runs the specified keyword and retries if it fails.</doc>
<status status="PASS" start="2025-09-15T21:06:07.402548" elapsed="0.309517"/>
</kw>
<arg>Success.html</arg>
<arg>timeout=15s</arg>
<doc>รอจนกว่า URL จะมีข้อความที่กำหนด</doc>
<status status="PASS" start="2025-09-15T21:06:07.401833" elapsed="0.310636"/>
</kw>
<kw name="Wait Until Page Contains" owner="SeleniumLibrary">
<arg>Success</arg>
<arg>timeout=10s</arg>
<doc>Waits until ``text`` appears on the current page.</doc>
<status status="PASS" start="2025-09-15T21:06:07.712859" elapsed="0.312080"/>
</kw>
<kw name="Page Should Contain" owner="SeleniumLibrary">
<msg time="2025-09-15T21:06:08.639882" level="INFO">Current page contains text 'Thank you for participating in our event'.</msg>
<arg>Thank you for participating in our event</arg>
<doc>Verifies that current page contains ``text``.</doc>
<status status="PASS" start="2025-09-15T21:06:08.025465" elapsed="0.614731"/>
</kw>
<kw name="Title Should Be" owner="SeleniumLibrary">
<msg time="2025-09-15T21:06:08.945599" level="INFO">Page title is 'Success'.</msg>
<arg>Success</arg>
<doc>Verifies that the current page title equals ``title``.</doc>
<status status="PASS" start="2025-09-15T21:06:08.640630" elapsed="0.305258"/>
</kw>
<kw name="Log" owner="BuiltIn">
<msg time="2025-09-15T21:06:08.946694" level="INFO">Success page verified successfully</msg>
<arg>Success page verified successfully</arg>
<doc>Logs the given message with the given level.</doc>
<status status="PASS" start="2025-09-15T21:06:08.946356" elapsed="0.000437"/>
</kw>
<doc>ตรวจสอบหน้า Success</doc>
<status status="PASS" start="2025-09-15T21:06:07.401181" elapsed="1.545768"/>
</kw>
<kw name="Test Teardown" owner="keywords" type="TEARDOWN">
<kw name="Run Keyword If" owner="BuiltIn">
<arg>'${TEST STATUS}' == 'FAIL'</arg>
<arg>Capture Page Screenshot</arg>
<doc>Runs the given keyword with the given arguments, if ``condition`` is true.</doc>
<status status="PASS" start="2025-09-15T21:06:08.948217" elapsed="0.000399"/>
</kw>
<kw name="Run Keyword And Ignore Error" owner="BuiltIn">
<kw name="Go To" owner="SeleniumLibrary">
<msg time="2025-09-15T21:06:08.949430" level="INFO">Opening url 'http://localhost:7272/Lab10/Registration.html'</msg>
<arg>${REGISTRATION_URL}</arg>
<doc>Navigates the current browser window to the provided ``url``.</doc>
<status status="PASS" start="2025-09-15T21:06:08.949193" elapsed="0.321539"/>
</kw>
<arg>Go To</arg>
<arg>${REGISTRATION_URL}</arg>
<doc>Runs the given keyword with the given arguments and ignores possible error.</doc>
<status status="PASS" start="2025-09-15T21:06:08.948904" elapsed="0.322066"/>
</kw>
<kw name="Sleep" owner="BuiltIn">
<msg time="2025-09-15T21:06:10.273271" level="INFO">Slept 1 second.</msg>
<arg>1s</arg>
<doc>Pauses the test executed for the given time.</doc>
<status status="PASS" start="2025-09-15T21:06:09.271249" elapsed="1.002339"/>
</kw>
<kw name="Run Keyword And Ignore Error" owner="BuiltIn">
<kw name="Clear All Form Fields" owner="keywords">
<kw name="Execute Javascript" owner="SeleniumLibrary">
<msg time="2025-09-15T21:06:10.281345" level="INFO">Executing JavaScript:
try {document.getElementById('firstname').value = '';document.getElementById('lastname').value = '';document.getElementById('organization').value = '';document.getElementById('email').value = '';document.getElementById('phone').value = '';document.getElementById('errors').innerHTML = '';} catch(e) {console.log('Form clearing error: ' + e.message);}
Without any arguments.</msg>
<arg>try {</arg>
<arg>document.getElementById('firstname').value = '';</arg>
<arg>document.getElementById('lastname').value = '';</arg>
<arg>document.getElementById('organization').value = '';</arg>
<arg>document.getElementById('email').value = '';</arg>
<arg>document.getElementById('phone').value = '';</arg>
<arg>document.getElementById('errors').innerHTML = '';</arg>
<arg>} catch(e) {</arg>
<arg>console.log('Form clearing error: ' + e.message);</arg>
<arg>}</arg>
<doc>Executes the given JavaScript code with possible arguments.</doc>
<status status="PASS" start="2025-09-15T21:06:10.275283" elapsed="0.314311"/>
</kw>
<doc>ล้างข้อมูลทุกช่องในฟอร์ม</doc>
<status status="PASS" start="2025-09-15T21:06:10.274660" elapsed="0.315176"/>
</kw>
<arg>Clear All Form Fields</arg>
<doc>Runs the given keyword with the given arguments and ignores possible error.</doc>
<status status="PASS" start="2025-09-15T21:06:10.274103" elapsed="0.315822"/>
</kw>
<doc>Teardown สำหรับแต่ละ test case</doc>
<status status="PASS" start="2025-09-15T21:06:08.947640" elapsed="1.642354"/>
</kw>
<doc>ลงทะเบียนสำเร็จพร้อมข้อมูลองค์กร</doc>
<tag>Critical</tag>
<tag>Positive</tag>
<tag>Success</tag>
<tag>UAT-Lab10-001</tag>
<status status="PASS" start="2025-09-15T21:05:51.957104" elapsed="18.633062"/>
</test>
<test id="s1-s2-t2" name="UAT-Lab10-001-TC02: Register Success Without Organization Info" line="19">
<kw name="Test Setup" owner="keywords" type="SETUP">
<kw name="Navigate To Registration Page" owner="keywords">
<kw name="Go To" owner="SeleniumLibrary">
<msg time="2025-09-15T21:06:10.592533" level="INFO">Opening url 'http://localhost:7272/Lab10/Registration.html'</msg>
<arg>${REGISTRATION_URL}</arg>
<doc>Navigates the current browser window to the provided ``url``.</doc>
<status status="PASS" start="2025-09-15T21:06:10.592376" elapsed="0.319337"/>
</kw>
<kw name="Wait Until Page Contains Element" owner="SeleniumLibrary">
<arg>${FIRSTNAME_FIELD}</arg>
<arg>timeout=10s</arg>
<doc>Waits until the element ``locator`` appears on the current page.</doc>
<status status="PASS" start="2025-09-15T21:06:10.912291" elapsed="0.311282"/>
</kw>
<kw name="Page Should Contain" owner="SeleniumLibrary">
<msg time="2025-09-15T21:06:11.841761" level="INFO">Current page contains text 'Event Registration'.</msg>
<arg>Event Registration</arg>
<doc>Verifies that current page contains ``text``.</doc>
<status status="PASS" start="2025-09-15T21:06:11.224127" elapsed="0.617978"/>
</kw>
<doc>ไปยังหน้า Event Registration</doc>
<status status="PASS" start="2025-09-15T21:06:10.592171" elapsed="1.250189"/>
</kw>
<doc>Setup สำหรับแต่ละ test case</doc>
<status status="PASS" start="2025-09-15T21:06:10.591823" elapsed="1.250675"/>
</kw>
<kw name="Fill Registration Form Without Organization" owner="keywords">
<kw name="Clear All Form Fields" owner="keywords">
<kw name="Execute Javascript" owner="SeleniumLibrary">
<msg time="2025-09-15T21:06:11.845504" level="INFO">Executing JavaScript:
try {document.getElementById('firstname').value = '';document.getElementById('lastname').value = '';document.getElementById('organization').value = '';document.getElementById('email').value = '';document.getElementById('phone').value = '';document.getElementById('errors').innerHTML = '';} catch(e) {console.log('Form clearing error: ' + e.message);}
Without any arguments.</msg>
<arg>try {</arg>
<arg>document.getElementById('firstname').value = '';</arg>
<arg>document.getElementById('lastname').value = '';</arg>
<arg>document.getElementById('organization').value = '';</arg>
<arg>document.getElementById('email').value = '';</arg>
<arg>document.getElementById('phone').value = '';</arg>
<arg>document.getElementById('errors').innerHTML = '';</arg>
<arg>} catch(e) {</arg>
<arg>console.log('Form clearing error: ' + e.message);</arg>
<arg>}</arg>
<doc>Executes the given JavaScript code with possible arguments.</doc>
<status status="PASS" start="2025-09-15T21:06:11.844494" elapsed="0.310254"/>
</kw>
<doc>ล้างข้อมูลทุกช่องในฟอร์ม</doc>
<status status="PASS" start="2025-09-15T21:06:11.844065" elapsed="0.311053"/>
</kw>
<kw name="Fill Form Field" owner="keywords">
<kw name="Wait Until Element Is Visible" owner="SeleniumLibrary">
<arg>${field_locator}</arg>
<arg>timeout=10s</arg>
<doc>Waits until the element ``locator`` is visible.</doc>
<status status="PASS" start="2025-09-15T21:06:12.156432" elapsed="0.622303"/>
</kw>
<kw name="Clear Element Text" owner="SeleniumLibrary">
<arg>${field_locator}</arg>
<doc>Clears the value of the text-input-element identified by ``locator``.</doc>
<status status="PASS" start="2025-09-15T21:06:12.779238" elapsed="0.617882"/>
</kw>
<kw name="Input Text" owner="SeleniumLibrary">
<msg time="2025-09-15T21:06:13.398531" level="INFO">Typing text 'Somsri' into text field 'id:firstname'.</msg>
<arg>${field_locator}</arg>
<arg>${value}</arg>
<doc>Types the given ``text`` into the text field identified by ``locator``.</doc>
<status status="PASS" start="2025-09-15T21:06:13.397871" elapsed="0.945302"/>
</kw>
<arg>${FIRSTNAME_FIELD}</arg>
<arg>${firstname}</arg>
<doc>กรอกข้อมูลในช่องที่กำหนด</doc>
<status status="PASS" start="2025-09-15T21:06:12.155606" elapsed="2.187904"/>
</kw>
<kw name="Fill Form Field" owner="keywords">
<kw name="Wait Until Element Is Visible" owner="SeleniumLibrary">
<arg>${field_locator}</arg>
<arg>timeout=10s</arg>
<doc>Waits until the element ``locator`` is visible.</doc>
<status status="PASS" start="2025-09-15T21:06:14.344872" elapsed="0.624605"/>
</kw>
<kw name="Clear Element Text" owner="SeleniumLibrary">
<arg>${field_locator}</arg>
<doc>Clears the value of the text-input-element identified by ``locator``.</doc>
<status status="PASS" start="2025-09-15T21:06:14.970016" elapsed="0.618213"/>
</kw>
<kw name="Input Text" owner="SeleniumLibrary">
<msg time="2025-09-15T21:06:15.589433" level="INFO">Typing text 'Sodsai' into text field 'id:lastname'.</msg>
<arg>${field_locator}</arg>
<arg>${value}</arg>
<doc>Types the given ``text`` into the text field identified by ``locator``.</doc>
<status status="PASS" start="2025-09-15T21:06:15.588757" elapsed="0.939212"/>
</kw>
<arg>${LASTNAME_FIELD}</arg>
<arg>${lastname}</arg>
<doc>กรอกข้อมูลในช่องที่กำหนด</doc>
<status status="PASS" start="2025-09-15T21:06:14.344027" elapsed="2.184294"/>
</kw>
<kw name="Fill Form Field" owner="keywords">
<kw name="Wait Until Element Is Visible" owner="SeleniumLibrary">
<arg>${field_locator}</arg>
<arg>timeout=10s</arg>
<doc>Waits until the element ``locator`` is visible.</doc>
<status status="PASS" start="2025-09-15T21:06:16.529655" elapsed="0.622075"/>
</kw>
<kw name="Clear Element Text" owner="SeleniumLibrary">
<arg>${field_locator}</arg>
<doc>Clears the value of the text-input-element identified by ``locator``.</doc>
<status status="PASS" start="2025-09-15T21:06:17.152276" elapsed="0.620275"/>
</kw>
<kw name="Input Text" owner="SeleniumLibrary">
<msg time="2025-09-15T21:06:17.773734" level="INFO">Typing text 'somsri@kkumail.com' into text field 'id:email'.</msg>
<arg>${field_locator}</arg>
<arg>${value}</arg>
<doc>Types the given ``text`` into the text field identified by ``locator``.</doc>
<status status="PASS" start="2025-09-15T21:06:17.773059" elapsed="0.939387"/>
</kw>
<arg>${EMAIL_FIELD}</arg>
<arg>${email}</arg>
<doc>กรอกข้อมูลในช่องที่กำหนด</doc>
<status status="PASS" start="2025-09-15T21:06:16.528844" elapsed="2.183964"/>
</kw>
<kw name="Fill Form Field" owner="keywords">
<kw name="Wait Until Element Is Visible" owner="SeleniumLibrary">
<arg>${field_locator}</arg>
<arg>timeout=10s</arg>
<doc>Waits until the element ``locator`` is visible.</doc>
<status status="PASS" start="2025-09-15T21:06:18.714286" elapsed="0.622111"/>
</kw>
<kw name="Clear Element Text" owner="SeleniumLibrary">
<arg>${field_locator}</arg>
<doc>Clears the value of the text-input-element identified by ``locator``.</doc>
<status status="PASS" start="2025-09-15T21:06:19.336938" elapsed="0.616695"/>
</kw>
<kw name="Input Text" owner="SeleniumLibrary">
<msg time="2025-09-15T21:06:19.954871" level="INFO">Typing text '081-001-1234' into text field 'id:phone'.</msg>
<arg>${field_locator}</arg>
<arg>${value}</arg>
<doc>Types the given ``text`` into the text field identified by ``locator``.</doc>
<status status="PASS" start="2025-09-15T21:06:19.954174" elapsed="0.932909"/>
</kw>
<arg>${PHONE_FIELD}</arg>
<arg>${phone}</arg>
<doc>กรอกข้อมูลในช่องที่กำหนด</doc>
<status status="PASS" start="2025-09-15T21:06:18.713369" elapsed="2.173804"/>
</kw>
<doc>กรอกฟอร์มลงทะเบียนโดยไม่มีองค์กร</doc>
<status status="PASS" start="2025-09-15T21:06:11.843166" elapsed="9.044035"/>
</kw>
<kw name="Submit Registration Form" owner="keywords">
<kw name="Click Button" owner="SeleniumLibrary">
<msg time="2025-09-15T21:06:20.887583" level="INFO">Clicking button 'id:registerButton'.</msg>
<arg>${REGISTER_BUTTON}</arg>
<doc>Clicks the button identified by ``locator``.</doc>
<status status="PASS" start="2025-09-15T21:06:20.887484" elapsed="0.928660"/>
</kw>
<kw name="Sleep" owner="BuiltIn">
<msg time="2025-09-15T21:06:23.818509" level="INFO">Slept 2 seconds.</msg>
<arg>2s</arg>
<doc>Pauses the test executed for the given time.</doc>
<status status="PASS" start="2025-09-15T21:06:21.816718" elapsed="2.002109"/>
</kw>
<doc>กดปุ่มลงทะเบียน</doc>
<status status="PASS" start="2025-09-15T21:06:20.887346" elapsed="2.931741"/>
</kw>
<kw name="Verify Success Page" owner="keywords">
<kw name="Wait Until Location Contains" owner="config">
<kw name="Wait Until Keyword Succeeds" owner="BuiltIn">
<kw name="Location Should Contain" owner="SeleniumLibrary">
<msg time="2025-09-15T21:06:24.129810" level="INFO">Current location contains 'Success.html'.</msg>
<arg>${expected_text}</arg>
<doc>Verifies that the current URL contains ``expected``.</doc>
<status status="PASS" start="2025-09-15T21:06:23.821510" elapsed="0.308573"/>
</kw>
<arg>${timeout}</arg>
<arg>1s</arg>
<arg>Location Should Contain</arg>
<arg>${expected_text}</arg>
<doc>Runs the specified keyword and retries if it fails.</doc>
<status status="PASS" start="2025-09-15T21:06:23.821023" elapsed="0.309251"/>
</kw>
<arg>Success.html</arg>
<arg>timeout=15s</arg>
<doc>รอจนกว่า URL จะมีข้อความที่กำหนด</doc>
<status status="PASS" start="2025-09-15T21:06:23.820378" elapsed="0.310073"/>
</kw>
<kw name="Wait Until Page Contains" owner="SeleniumLibrary">
<arg>Success</arg>
<arg>timeout=10s</arg>
<doc>Waits until ``text`` appears on the current page.</doc>
<status status="PASS" start="2025-09-15T21:06:24.130764" elapsed="0.309963"/>
</kw>
<kw name="Page Should Contain" owner="SeleniumLibrary">
<msg time="2025-09-15T21:06:25.051576" level="INFO">Current page contains text 'Thank you for participating in our event'.</msg>
<arg>Thank you for participating in our event</arg>
<doc>Verifies that current page contains ``text``.</doc>
<status status="PASS" start="2025-09-15T21:06:24.441238" elapsed="0.610698"/>
</kw>
<kw name="Title Should Be" owner="SeleniumLibrary">
<msg time="2025-09-15T21:06:25.355475" level="INFO">Page title is 'Success'.</msg>
<arg>Success</arg>
<doc>Verifies that the current page title equals ``title``.</doc>
<status status="PASS" start="2025-09-15T21:06:25.052407" elapsed="0.303172"/>
</kw>
<kw name="Log" owner="BuiltIn">
<msg time="2025-09-15T21:06:25.355820" level="INFO">Success page verified successfully</msg>
<arg>Success page verified successfully</arg>
<doc>Logs the given message with the given level.</doc>
<status status="PASS" start="2025-09-15T21:06:25.355715" elapsed="0.000134"/>
</kw>
<doc>ตรวจสอบหน้า Success</doc>
<status status="PASS" start="2025-09-15T21:06:23.819731" elapsed="1.536166"/>
</kw>
<kw name="Test Teardown" owner="keywords" type="TEARDOWN">
<kw name="Run Keyword If" owner="BuiltIn">
<arg>'${TEST STATUS}' == 'FAIL'</arg>
<arg>Capture Page Screenshot</arg>
<doc>Runs the given keyword with the given arguments, if ``condition`` is true.</doc>
<status status="PASS" start="2025-09-15T21:06:25.356299" elapsed="0.000136"/>
</kw>
<kw name="Run Keyword And Ignore Error" owner="BuiltIn">
<kw name="Go To" owner="SeleniumLibrary">
<msg time="2025-09-15T21:06:25.356660" level="INFO">Opening url 'http://localhost:7272/Lab10/Registration.html'</msg>
<arg>${REGISTRATION_URL}</arg>
<doc>Navigates the current browser window to the provided ``url``.</doc>
<status status="PASS" start="2025-09-15T21:06:25.356583" elapsed="0.318479"/>
</kw>
<arg>Go To</arg>
<arg>${REGISTRATION_URL}</arg>
<doc>Runs the given keyword with the given arguments and ignores possible error.</doc>
<status status="PASS" start="2025-09-15T21:06:25.356505" elapsed="0.318658"/>
</kw>
<kw name="Sleep" owner="BuiltIn">
<msg time="2025-09-15T21:06:26.676174" level="INFO">Slept 1 second.</msg>
<arg>1s</arg>
<doc>Pauses the test executed for the given time.</doc>
<status status="PASS" start="2025-09-15T21:06:25.675343" elapsed="1.001151"/>
</kw>
<kw name="Run Keyword And Ignore Error" owner="BuiltIn">
<kw name="Clear All Form Fields" owner="keywords">
<kw name="Execute Javascript" owner="SeleniumLibrary">
<msg time="2025-09-15T21:06:26.679131" level="INFO">Executing JavaScript:
try {document.getElementById('firstname').value = '';document.getElementById('lastname').value = '';document.getElementById('organization').value = '';document.getElementById('email').value = '';document.getElementById('phone').value = '';document.getElementById('errors').innerHTML = '';} catch(e) {console.log('Form clearing error: ' + e.message);}
Without any arguments.</msg>
<arg>try {</arg>
<arg>document.getElementById('firstname').value = '';</arg>
<arg>document.getElementById('lastname').value = '';</arg>
<arg>document.getElementById('organization').value = '';</arg>
<arg>document.getElementById('email').value = '';</arg>
<arg>document.getElementById('phone').value = '';</arg>
<arg>document.getElementById('errors').innerHTML = '';</arg>
<arg>} catch(e) {</arg>
<arg>console.log('Form clearing error: ' + e.message);</arg>
<arg>}</arg>
<doc>Executes the given JavaScript code with possible arguments.</doc>
<status status="PASS" start="2025-09-15T21:06:26.678101" elapsed="0.311057"/>
</kw>
<doc>ล้างข้อมูลทุกช่องในฟอร์ม</doc>
<status status="PASS" start="2025-09-15T21:06:26.677489" elapsed="0.312040"/>
</kw>
<arg>Clear All Form Fields</arg>
<doc>Runs the given keyword with the given arguments and ignores possible error.</doc>
<status status="PASS" start="2025-09-15T21:06:26.676954" elapsed="0.312717"/>
</kw>
<doc>Teardown สำหรับแต่ละ test case</doc>
<status status="PASS" start="2025-09-15T21:06:25.356121" elapsed="1.633683"/>
</kw>
<doc>ลงทะเบียนสำเร็จโดยไม่มีข้อมูลองค์กร</doc>
<tag>Critical</tag>
<tag>Positive</tag>
<tag>Success</tag>
<tag>UAT-Lab10-001</tag>
<status status="PASS" start="2025-09-15T21:06:10.590610" elapsed="16.399435"/>
</test>
<test id="s1-s2-t3" name="UAT-Lab10-003-TC01: Valid Phone Format Dash" line="26">
<kw name="Test Setup" owner="keywords" type="SETUP">
<kw name="Navigate To Registration Page" owner="keywords">
<kw name="Go To" owner="SeleniumLibrary">
<msg time="2025-09-15T21:06:26.993895" level="INFO">Opening url 'http://localhost:7272/Lab10/Registration.html'</msg>
<arg>${REGISTRATION_URL}</arg>
<doc>Navigates the current browser window to the provided ``url``.</doc>
<status status="PASS" start="2025-09-15T21:06:26.993609" elapsed="0.334796"/>
</kw>
<kw name="Wait Until Page Contains Element" owner="SeleniumLibrary">
<arg>${FIRSTNAME_FIELD}</arg>
<arg>timeout=10s</arg>
<doc>Waits until the element ``locator`` appears on the current page.</doc>
<status status="PASS" start="2025-09-15T21:06:27.328949" elapsed="0.308466"/>
</kw>
<kw name="Page Should Contain" owner="SeleniumLibrary">
<msg time="2025-09-15T21:06:28.254062" level="INFO">Current page contains text 'Event Registration'.</msg>
<arg>Event Registration</arg>
<doc>Verifies that current page contains ``text``.</doc>
<status status="PASS" start="2025-09-15T21:06:27.637963" elapsed="0.616448"/>
</kw>
<doc>ไปยังหน้า Event Registration</doc>
<status status="PASS" start="2025-09-15T21:06:26.993211" elapsed="1.261464"/>
</kw>
<doc>Setup สำหรับแต่ละ test case</doc>
<status status="PASS" start="2025-09-15T21:06:26.992643" elapsed="1.262178"/>
</kw>
<kw name="Fill Complete Registration Form" owner="keywords">
<kw name="Clear All Form Fields" owner="keywords">
<kw name="Execute Javascript" owner="SeleniumLibrary">
<msg time="2025-09-15T21:06:28.258137" level="INFO">Executing JavaScript:
try {document.getElementById('firstname').value = '';document.getElementById('lastname').value = '';document.getElementById('organization').value = '';document.getElementById('email').value = '';document.getElementById('phone').value = '';document.getElementById('errors').innerHTML = '';} catch(e) {console.log('Form clearing error: ' + e.message);}
Without any arguments.</msg>
<arg>try {</arg>
<arg>document.getElementById('firstname').value = '';</arg>
<arg>document.getElementById('lastname').value = '';</arg>
<arg>document.getElementById('organization').value = '';</arg>
<arg>document.getElementById('email').value = '';</arg>
<arg>document.getElementById('phone').value = '';</arg>
<arg>document.getElementById('errors').innerHTML = '';</arg>
<arg>} catch(e) {</arg>
<arg>console.log('Form clearing error: ' + e.message);</arg>
<arg>}</arg>
<doc>Executes the given JavaScript code with possible arguments.</doc>
<status status="PASS" start="2025-09-15T21:06:28.257122" elapsed="0.309969"/>
</kw>
<doc>ล้างข้อมูลทุกช่องในฟอร์ม</doc>
<status status="PASS" start="2025-09-15T21:06:28.256669" elapsed="0.310759"/>
</kw>
<kw name="Fill Form Field" owner="keywords">
<kw name="Wait Until Element Is Visible" owner="SeleniumLibrary">
<arg>${field_locator}</arg>
<arg>timeout=10s</arg>
<doc>Waits until the element ``locator`` is visible.</doc>
<status status="PASS" start="2025-09-15T21:06:28.568693" elapsed="0.624200"/>
</kw>
<kw name="Clear Element Text" owner="SeleniumLibrary">
<arg>${field_locator}</arg>
<doc>Clears the value of the text-input-element identified by ``locator``.</doc>
<status status="PASS" start="2025-09-15T21:06:29.193381" elapsed="0.617344"/>
</kw>
<kw name="Input Text" owner="SeleniumLibrary">
<msg time="2025-09-15T21:06:29.811872" level="INFO">Typing text 'Somsri' into text field 'id:firstname'.</msg>
<arg>${field_locator}</arg>
<arg>${value}</arg>
<doc>Types the given ``text`` into the text field identified by ``locator``.</doc>
<status status="PASS" start="2025-09-15T21:06:29.811213" elapsed="0.951849"/>
</kw>
<arg>${FIRSTNAME_FIELD}</arg>
<arg>${firstname}</arg>
<doc>กรอกข้อมูลในช่องที่กำหนด</doc>
<status status="PASS" start="2025-09-15T21:06:28.567885" elapsed="2.195517"/>
</kw>
<kw name="Fill Form Field" owner="keywords">
<kw name="Wait Until Element Is Visible" owner="SeleniumLibrary">
<arg>${field_locator}</arg>
<arg>timeout=10s</arg>
<doc>Waits until the element ``locator`` is visible.</doc>
<status status="PASS" start="2025-09-15T21:06:30.764746" elapsed="0.624203"/>
</kw>
<kw name="Clear Element Text" owner="SeleniumLibrary">
<arg>${field_locator}</arg>
<doc>Clears the value of the text-input-element identified by ``locator``.</doc>
<status status="PASS" start="2025-09-15T21:06:31.389454" elapsed="0.618036"/>
</kw>
<kw name="Input Text" owner="SeleniumLibrary">
<msg time="2025-09-15T21:06:32.008733" level="INFO">Typing text 'Sodsai' into text field 'id:lastname'.</msg>
<arg>${field_locator}</arg>
<arg>${value}</arg>
<doc>Types the given ``text`` into the text field identified by ``locator``.</doc>
<status status="PASS" start="2025-09-15T21:06:32.008018" elapsed="0.935836"/>
</kw>
<arg>${LASTNAME_FIELD}</arg>
<arg>${lastname}</arg>
<doc>กรอกข้อมูลในช่องที่กำหนด</doc>
<status status="PASS" start="2025-09-15T21:06:30.763932" elapsed="2.180258"/>
</kw>
<kw name="Fill Form Field" owner="keywords">
<kw name="Wait Until Element Is Visible" owner="SeleniumLibrary">
<arg>${field_locator}</arg>
<arg>timeout=10s</arg>
<doc>Waits until the element ``locator`` is visible.</doc>
<status status="PASS" start="2025-09-15T21:06:32.945494" elapsed="0.617114"/>
</kw>
<kw name="Clear Element Text" owner="SeleniumLibrary">
<arg>${field_locator}</arg>
<doc>Clears the value of the text-input-element identified by ``locator``.</doc>
<status status="PASS" start="2025-09-15T21:06:33.563108" elapsed="0.619862"/>
</kw>
<kw name="Input Text" owner="SeleniumLibrary">
<msg time="2025-09-15T21:06:34.184411" level="INFO">Typing text 'CS KKU' into text field 'id:organization'.</msg>
<arg>${field_locator}</arg>
<arg>${value}</arg>
<doc>Types the given ``text`` into the text field identified by ``locator``.</doc>
<status status="PASS" start="2025-09-15T21:06:34.183724" elapsed="0.932645"/>
</kw>
<arg>${ORGANIZATION_FIELD}</arg>
<arg>${organization}</arg>
<doc>กรอกข้อมูลในช่องที่กำหนด</doc>
<status status="PASS" start="2025-09-15T21:06:32.944704" elapsed="2.171935"/>
</kw>
<kw name="Fill Form Field" owner="keywords">
<kw name="Wait Until Element Is Visible" owner="SeleniumLibrary">
<arg>${field_locator}</arg>
<arg>timeout=10s</arg>
<doc>Waits until the element ``locator`` is visible.</doc>
<status status="PASS" start="2025-09-15T21:06:35.117698" elapsed="0.622736"/>
</kw>
<kw name="Clear Element Text" owner="SeleniumLibrary">
<arg>${field_locator}</arg>
<doc>Clears the value of the text-input-element identified by ``locator``.</doc>
<status status="PASS" start="2025-09-15T21:06:35.740934" elapsed="0.620167"/>
</kw>
<kw name="Input Text" owner="SeleniumLibrary">
<msg time="2025-09-15T21:06:36.361950" level="INFO">Typing text 'somsri@kkumail.com' into text field 'id:email'.</msg>
<arg>${field_locator}</arg>
<arg>${value}</arg>
<doc>Types the given ``text`` into the text field identified by ``locator``.</doc>
<status status="PASS" start="2025-09-15T21:06:36.361454" elapsed="0.931679"/>
</kw>
<arg>${EMAIL_FIELD}</arg>
<arg>${email}</arg>
<doc>กรอกข้อมูลในช่องที่กำหนด</doc>
<status status="PASS" start="2025-09-15T21:06:35.117047" elapsed="2.176486"/>
</kw>
<kw name="Fill Form Field" owner="keywords">
<kw name="Wait Until Element Is Visible" owner="SeleniumLibrary">
<arg>${field_locator}</arg>
<arg>timeout=10s</arg>
<doc>Waits until the element ``locator`` is visible.</doc>
<status status="PASS" start="2025-09-15T21:06:37.295011" elapsed="0.621055"/>
</kw>
<kw name="Clear Element Text" owner="SeleniumLibrary">
<arg>${field_locator}</arg>
<doc>Clears the value of the text-input-element identified by ``locator``.</doc>
<status status="PASS" start="2025-09-15T21:06:37.916623" elapsed="0.620515"/>
</kw>
<kw name="Input Text" owner="SeleniumLibrary">
<msg time="2025-09-15T21:06:38.538076" level="INFO">Typing text '081-001-1234' into text field 'id:phone'.</msg>
<arg>${field_locator}</arg>
<arg>${value}</arg>
<doc>Types the given ``text`` into the text field identified by ``locator``.</doc>
<status status="PASS" start="2025-09-15T21:06:38.537533" elapsed="0.936857"/>
</kw>
<arg>${PHONE_FIELD}</arg>
<arg>${phone}</arg>
<doc>กรอกข้อมูลในช่องที่กำหนด</doc>
<status status="PASS" start="2025-09-15T21:06:37.294111" elapsed="2.180615"/>
</kw>
<arg>phone=${VALID_PHONE_DASH}</arg>
<doc>กรอกฟอร์มลงทะเบียนแบบครบถ้วน</doc>
<status status="PASS" start="2025-09-15T21:06:28.255522" elapsed="11.219372"/>
</kw>
<kw name="Submit Registration Form" owner="keywords">
<kw name="Click Button" owner="SeleniumLibrary">
<msg time="2025-09-15T21:06:39.476594" level="INFO">Clicking button 'id:registerButton'.</msg>
<arg>${REGISTER_BUTTON}</arg>
<doc>Clicks the button identified by ``locator``.</doc>
<status status="PASS" start="2025-09-15T21:06:39.476137" elapsed="0.949170"/>
</kw>
<kw name="Sleep" owner="BuiltIn">
<msg time="2025-09-15T21:06:42.427590" level="INFO">Slept 2 seconds.</msg>
<arg>2s</arg>
<doc>Pauses the test executed for the given time.</doc>
<status status="PASS" start="2025-09-15T21:06:40.425725" elapsed="2.002121"/>
</kw>
<doc>กดปุ่มลงทะเบียน</doc>
<status status="PASS" start="2025-09-15T21:06:39.475519" elapsed="2.952514"/>
</kw>
<kw name="Verify Success Page" owner="keywords">
<kw name="Wait Until Location Contains" owner="config">
<kw name="Wait Until Keyword Succeeds" owner="BuiltIn">
<kw name="Location Should Contain" owner="SeleniumLibrary">
<msg time="2025-09-15T21:06:42.738287" level="INFO">Current location contains 'Success.html'.</msg>
<arg>${expected_text}</arg>
<doc>Verifies that the current URL contains ``expected``.</doc>
<status status="PASS" start="2025-09-15T21:06:42.430944" elapsed="0.307688"/>
</kw>
<arg>${timeout}</arg>
<arg>1s</arg>
<arg>Location Should Contain</arg>
<arg>${expected_text}</arg>
<doc>Runs the specified keyword and retries if it fails.</doc>
<status status="PASS" start="2025-09-15T21:06:42.430643" elapsed="0.308204"/>
</kw>
<arg>Success.html</arg>
<arg>timeout=15s</arg>
<doc>รอจนกว่า URL จะมีข้อความที่กำหนด</doc>
<status status="PASS" start="2025-09-15T21:06:42.429064" elapsed="0.309976"/>
</kw>
<kw name="Wait Until Page Contains" owner="SeleniumLibrary">
<arg>Success</arg>
<arg>timeout=10s</arg>
<doc>Waits until ``text`` appears on the current page.</doc>
<status status="PASS" start="2025-09-15T21:06:42.739390" elapsed="0.312426"/>
</kw>
<kw name="Page Should Contain" owner="SeleniumLibrary">
<msg time="2025-09-15T21:06:43.670039" level="INFO">Current page contains text 'Thank you for participating in our event'.</msg>
<arg>Thank you for participating in our event</arg>
<doc>Verifies that current page contains ``text``.</doc>
<status status="PASS" start="2025-09-15T21:06:43.052340" elapsed="0.617985"/>
</kw>
<kw name="Title Should Be" owner="SeleniumLibrary">
<msg time="2025-09-15T21:06:43.974398" level="INFO">Page title is 'Success'.</msg>
<arg>Success</arg>
<doc>Verifies that the current page title equals ``title``.</doc>
<status status="PASS" start="2025-09-15T21:06:43.670727" elapsed="0.303972"/>
</kw>
<kw name="Log" owner="BuiltIn">
<msg time="2025-09-15T21:06:43.975464" level="INFO">Success page verified successfully</msg>
<arg>Success page verified successfully</arg>
<doc>Logs the given message with the given level.</doc>
<status status="PASS" start="2025-09-15T21:06:43.975128" elapsed="0.000436"/>
</kw>
<doc>ตรวจสอบหน้า Success</doc>
<status status="PASS" start="2025-09-15T21:06:42.428538" elapsed="1.547189"/>
</kw>
<kw name="Test Teardown" owner="keywords" type="TEARDOWN">
<kw name="Run Keyword If" owner="BuiltIn">
<arg>'${TEST STATUS}' == 'FAIL'</arg>
<arg>Capture Page Screenshot</arg>
<doc>Runs the given keyword with the given arguments, if ``condition`` is true.</doc>
<status status="PASS" start="2025-09-15T21:06:43.976891" elapsed="0.000314"/>
</kw>
<kw name="Run Keyword And Ignore Error" owner="BuiltIn">
<kw name="Go To" owner="SeleniumLibrary">
<msg time="2025-09-15T21:06:43.977739" level="INFO">Opening url 'http://localhost:7272/Lab10/Registration.html'</msg>
<arg>${REGISTRATION_URL}</arg>
<doc>Navigates the current browser window to the provided ``url``.</doc>
<status status="PASS" start="2025-09-15T21:06:43.977554" elapsed="0.323270"/>
</kw>
<arg>Go To</arg>
<arg>${REGISTRATION_URL}</arg>
<doc>Runs the given keyword with the given arguments and ignores possible error.</doc>
<status status="PASS" start="2025-09-15T21:06:43.977371" elapsed="0.323791"/>
</kw>
<kw name="Sleep" owner="BuiltIn">
<msg time="2025-09-15T21:06:45.303084" level="INFO">Slept 1 second.</msg>
<arg>1s</arg>
<doc>Pauses the test executed for the given time.</doc>
<status status="PASS" start="2025-09-15T21:06:44.301579" elapsed="1.001826"/>
</kw>
<kw name="Run Keyword And Ignore Error" owner="BuiltIn">
<kw name="Clear All Form Fields" owner="keywords">
<kw name="Execute Javascript" owner="SeleniumLibrary">
<msg time="2025-09-15T21:06:45.306118" level="INFO">Executing JavaScript:
try {document.getElementById('firstname').value = '';document.getElementById('lastname').value = '';document.getElementById('organization').value = '';document.getElementById('email').value = '';document.getElementById('phone').value = '';document.getElementById('errors').innerHTML = '';} catch(e) {console.log('Form clearing error: ' + e.message);}
Without any arguments.</msg>
<arg>try {</arg>
<arg>document.getElementById('firstname').value = '';</arg>
<arg>document.getElementById('lastname').value = '';</arg>
<arg>document.getElementById('organization').value = '';</arg>
<arg>document.getElementById('email').value = '';</arg>
<arg>document.getElementById('phone').value = '';</arg>
<arg>document.getElementById('errors').innerHTML = '';</arg>
<arg>} catch(e) {</arg>
<arg>console.log('Form clearing error: ' + e.message);</arg>
<arg>}</arg>
<doc>Executes the given JavaScript code with possible arguments.</doc>
<status status="PASS" start="2025-09-15T21:06:45.305079" elapsed="0.310177"/>
</kw>
<doc>ล้างข้อมูลทุกช่องในฟอร์ม</doc>
<status status="PASS" start="2025-09-15T21:06:45.304449" elapsed="0.311440"/>
</kw>
<arg>Clear All Form Fields</arg>
<doc>Runs the given keyword with the given arguments and ignores possible error.</doc>
<status status="PASS" start="2025-09-15T21:06:45.303877" elapsed="0.312159"/>
</kw>
<doc>Teardown สำหรับแต่ละ test case</doc>
<status status="PASS" start="2025-09-15T21:06:43.976424" elapsed="1.639744"/>
</kw>
<doc>ทดสอบรูปแบบเบอร์โทรศัพท์ XXX-XXX-XXXX</doc>
<tag>Critical</tag>
<tag>PhoneFormat</tag>
<tag>Positive</tag>
<tag>UAT-Lab10-003</tag>
<status status="PASS" start="2025-09-15T21:06:26.990702" elapsed="18.625698"/>
</test>
<test id="s1-s2-t4" name="UAT-Lab10-003-TC02: Valid Phone Format Dot" line="33">
<kw name="Test Setup" owner="keywords" type="SETUP">
<kw name="Navigate To Registration Page" owner="keywords">
<kw name="Go To" owner="SeleniumLibrary">
<msg time="2025-09-15T21:06:45.619746" level="INFO">Opening url 'http://localhost:7272/Lab10/Registration.html'</msg>
<arg>${REGISTRATION_URL}</arg>
<doc>Navigates the current browser window to the provided ``url``.</doc>
<status status="PASS" start="2025-09-15T21:06:45.619560" elapsed="0.327381"/>
</kw>
<kw name="Wait Until Page Contains Element" owner="SeleniumLibrary">
<arg>${FIRSTNAME_FIELD}</arg>
<arg>timeout=10s</arg>
<doc>Waits until the element ``locator`` appears on the current page.</doc>
<status status="PASS" start="2025-09-15T21:06:45.947513" elapsed="0.307475"/>
</kw>
<kw name="Page Should Contain" owner="SeleniumLibrary">
<msg time="2025-09-15T21:06:46.872113" level="INFO">Current page contains text 'Event Registration'.</msg>
<arg>Event Registration</arg>
<doc>Verifies that current page contains ``text``.</doc>
<status status="PASS" start="2025-09-15T21:06:46.255537" elapsed="0.616838"/>
</kw>
<doc>ไปยังหน้า Event Registration</doc>
<status status="PASS" start="2025-09-15T21:06:45.619314" elapsed="1.253196"/>
</kw>
<doc>Setup สำหรับแต่ละ test case</doc>
<status status="PASS" start="2025-09-15T21:06:45.618936" elapsed="1.253639"/>
</kw>
<kw name="Fill Complete Registration Form" owner="keywords">
<kw name="Clear All Form Fields" owner="keywords">
<kw name="Execute Javascript" owner="SeleniumLibrary">
<msg time="2025-09-15T21:06:46.874934" level="INFO">Executing JavaScript:
try {document.getElementById('firstname').value = '';document.getElementById('lastname').value = '';document.getElementById('organization').value = '';document.getElementById('email').value = '';document.getElementById('phone').value = '';document.getElementById('errors').innerHTML = '';} catch(e) {console.log('Form clearing error: ' + e.message);}
Without any arguments.</msg>
<arg>try {</arg>
<arg>document.getElementById('firstname').value = '';</arg>
<arg>document.getElementById('lastname').value = '';</arg>
<arg>document.getElementById('organization').value = '';</arg>
<arg>document.getElementById('email').value = '';</arg>
<arg>document.getElementById('phone').value = '';</arg>
<arg>document.getElementById('errors').innerHTML = '';</arg>
<arg>} catch(e) {</arg>
<arg>console.log('Form clearing error: ' + e.message);</arg>
<arg>}</arg>
<doc>Executes the given JavaScript code with possible arguments.</doc>
<status status="PASS" start="2025-09-15T21:06:46.874309" elapsed="0.309082"/>
</kw>
<doc>ล้างข้อมูลทุกช่องในฟอร์ม</doc>
<status status="PASS" start="2025-09-15T21:06:46.874005" elapsed="0.309779"/>
</kw>
<kw name="Fill Form Field" owner="keywords">
<kw name="Wait Until Element Is Visible" owner="SeleniumLibrary">
<arg>${field_locator}</arg>
<arg>timeout=10s</arg>
<doc>Waits until the element ``locator`` is visible.</doc>
<status status="PASS" start="2025-09-15T21:06:47.185109" elapsed="0.625205"/>
</kw>
<kw name="Clear Element Text" owner="SeleniumLibrary">
<arg>${field_locator}</arg>
<doc>Clears the value of the text-input-element identified by ``locator``.</doc>
<status status="PASS" start="2025-09-15T21:06:47.810795" elapsed="0.619597"/>
</kw>
<kw name="Input Text" owner="SeleniumLibrary">
<msg time="2025-09-15T21:06:48.431571" level="INFO">Typing text 'Somsri' into text field 'id:firstname'.</msg>
<arg>${field_locator}</arg>
<arg>${value}</arg>
<doc>Types the given ``text`` into the text field identified by ``locator``.</doc>
<status status="PASS" start="2025-09-15T21:06:48.430896" elapsed="0.950306"/>
</kw>
<arg>${FIRSTNAME_FIELD}</arg>
<arg>${firstname}</arg>
<doc>กรอกข้อมูลในช่องที่กำหนด</doc>
<status status="PASS" start="2025-09-15T21:06:47.184289" elapsed="2.197256"/>
</kw>
<kw name="Fill Form Field" owner="keywords">
<kw name="Wait Until Element Is Visible" owner="SeleniumLibrary">
<arg>${field_locator}</arg>
<arg>timeout=10s</arg>
<doc>Waits until the element ``locator`` is visible.</doc>
<status status="PASS" start="2025-09-15T21:06:49.382902" elapsed="0.622251"/>
</kw>
<kw name="Clear Element Text" owner="SeleniumLibrary">
<arg>${field_locator}</arg>
<doc>Clears the value of the text-input-element identified by ``locator``.</doc>
<status status="PASS" start="2025-09-15T21:06:50.005668" elapsed="0.620513"/>
</kw>
<kw name="Input Text" owner="SeleniumLibrary">
<msg time="2025-09-15T21:06:50.627400" level="INFO">Typing text 'Sodsai' into text field 'id:lastname'.</msg>
<arg>${field_locator}</arg>
<arg>${value}</arg>
<doc>Types the given ``text`` into the text field identified by ``locator``.</doc>
<status status="PASS" start="2025-09-15T21:06:50.626699" elapsed="0.938771"/>
</kw>
<arg>${LASTNAME_FIELD}</arg>
<arg>${lastname}</arg>
<doc>กรอกข้อมูลในช่องที่กำหนด</doc>
<status status="PASS" start="2025-09-15T21:06:49.382071" elapsed="2.183757"/>
</kw>
<kw name="Fill Form Field" owner="keywords">
<kw name="Wait Until Element Is Visible" owner="SeleniumLibrary">
<arg>${field_locator}</arg>
<arg>timeout=10s</arg>
<doc>Waits until the element ``locator`` is visible.</doc>
<status status="PASS" start="2025-09-15T21:06:51.567214" elapsed="0.621547"/>
</kw>
<kw name="Clear Element Text" owner="SeleniumLibrary">
<arg>${field_locator}</arg>
<doc>Clears the value of the text-input-element identified by ``locator``.</doc>
<status status="PASS" start="2025-09-15T21:06:52.189280" elapsed="0.619684"/>
</kw>
<kw name="Input Text" owner="SeleniumLibrary">
<msg time="2025-09-15T21:06:52.810183" level="INFO">Typing text 'CS KKU' into text field 'id:organization'.</msg>
<arg>${field_locator}</arg>
<arg>${value}</arg>
<doc>Types the given ``text`` into the text field identified by ``locator``.</doc>
<status status="PASS" start="2025-09-15T21:06:52.809476" elapsed="0.933522"/>
</kw>
<arg>${ORGANIZATION_FIELD}</arg>
<arg>${organization}</arg>
<doc>กรอกข้อมูลในช่องที่กำหนด</doc>
<status status="PASS" start="2025-09-15T21:06:51.566360" elapsed="2.176994"/>
</kw>
<kw name="Fill Form Field" owner="keywords">
<kw name="Wait Until Element Is Visible" owner="SeleniumLibrary">
<arg>${field_locator}</arg>
<arg>timeout=10s</arg>
<doc>Waits until the element ``locator`` is visible.</doc>
<status status="PASS" start="2025-09-15T21:06:53.744761" elapsed="0.617383"/>
</kw>
<kw name="Clear Element Text" owner="SeleniumLibrary">
<arg>${field_locator}</arg>
<doc>Clears the value of the text-input-element identified by ``locator``.</doc>
<status status="PASS" start="2025-09-15T21:06:54.362651" elapsed="0.618953"/>
</kw>
<kw name="Input Text" owner="SeleniumLibrary">
<msg time="2025-09-15T21:06:54.982935" level="INFO">Typing text 'somsri@kkumail.com' into text field 'id:email'.</msg>
<arg>${field_locator}</arg>
<arg>${value}</arg>
<doc>Types the given ``text`` into the text field identified by ``locator``.</doc>
<status status="PASS" start="2025-09-15T21:06:54.982092" elapsed="0.938425"/>
</kw>
<arg>${EMAIL_FIELD}</arg>
<arg>${email}</arg>
<doc>กรอกข้อมูลในช่องที่กำหนด</doc>
<status status="PASS" start="2025-09-15T21:06:53.743895" elapsed="2.177001"/>
</kw>
<kw name="Fill Form Field" owner="keywords">
<kw name="Wait Until Element Is Visible" owner="SeleniumLibrary">
<arg>${field_locator}</arg>
<arg>timeout=10s</arg>
<doc>Waits until the element ``locator`` is visible.</doc>
<status status="PASS" start="2025-09-15T21:06:55.922396" elapsed="0.622492"/>
</kw>
<kw name="Clear Element Text" owner="SeleniumLibrary">
<arg>${field_locator}</arg>
[...]
<status status="PASS" start="2025-09-15T21:10:29.984626" elapsed="0.308110"/>
</kw>
<kw name="Page Should Contain" owner="SeleniumLibrary">
<msg time="2025-09-15T21:10:30.912508" level="INFO">Current page contains text 'Event Registration'.</msg>
<arg>Event Registration</arg>
<doc>Verifies that current page contains ``text``.</doc>
<status status="PASS" start="2025-09-15T21:10:30.293198" elapsed="0.619653"/>
</kw>
<doc>ตรวจสอบว่ายังอยู่ในหน้า Registration</doc>
<status status="PASS" start="2025-09-15T21:10:29.983980" elapsed="0.929129"/>
</kw>
<kw name="Test Teardown" owner="keywords" type="TEARDOWN">
<kw name="Run Keyword If" owner="BuiltIn">
<arg>'${TEST STATUS}' == 'FAIL'</arg>
<arg>Capture Page Screenshot</arg>
<doc>Runs the given keyword with the given arguments, if ``condition`` is true.</doc>
<status status="PASS" start="2025-09-15T21:10:30.914625" elapsed="0.000426"/>
</kw>
<kw name="Run Keyword And Ignore Error" owner="BuiltIn">
<kw name="Go To" owner="SeleniumLibrary">
<msg time="2025-09-15T21:10:30.915817" level="INFO">Opening url 'http://localhost:7272/Lab10/Registration.html'</msg>
<arg>${REGISTRATION_URL}</arg>
<doc>Navigates the current browser window to the provided ``url``.</doc>
<status status="PASS" start="2025-09-15T21:10:30.915549" elapsed="0.331750"/>
</kw>
<arg>Go To</arg>
<arg>${REGISTRATION_URL}</arg>
<doc>Runs the given keyword with the given arguments and ignores possible error.</doc>
<status status="PASS" start="2025-09-15T21:10:30.915292" elapsed="0.332280"/>
</kw>
<kw name="Sleep" owner="BuiltIn">
<msg time="2025-09-15T21:10:32.248750" level="INFO">Slept 1 second.</msg>
<arg>1s</arg>
<doc>Pauses the test executed for the given time.</doc>
<status status="PASS" start="2025-09-15T21:10:31.248009" elapsed="1.001059"/>
</kw>
<kw name="Run Keyword And Ignore Error" owner="BuiltIn">
<kw name="Clear All Form Fields" owner="keywords">
<kw name="Execute Javascript" owner="SeleniumLibrary">
<msg time="2025-09-15T21:10:32.251678" level="INFO">Executing JavaScript:
try {document.getElementById('firstname').value = '';document.getElementById('lastname').value = '';document.getElementById('organization').value = '';document.getElementById('email').value = '';document.getElementById('phone').value = '';document.getElementById('errors').innerHTML = '';} catch(e) {console.log('Form clearing error: ' + e.message);}
Without any arguments.</msg>
<arg>try {</arg>
<arg>document.getElementById('firstname').value = '';</arg>
<arg>document.getElementById('lastname').value = '';</arg>
<arg>document.getElementById('organization').value = '';</arg>
<arg>document.getElementById('email').value = '';</arg>
<arg>document.getElementById('phone').value = '';</arg>
<arg>document.getElementById('errors').innerHTML = '';</arg>
<arg>} catch(e) {</arg>
<arg>console.log('Form clearing error: ' + e.message);</arg>
<arg>}</arg>
<doc>Executes the given JavaScript code with possible arguments.</doc>
<status status="PASS" start="2025-09-15T21:10:32.250671" elapsed="0.311115"/>
</kw>
<doc>ล้างข้อมูลทุกช่องในฟอร์ม</doc>
<status status="PASS" start="2025-09-15T21:10:32.250045" elapsed="0.312106"/>
</kw>
<arg>Clear All Form Fields</arg>
<doc>Runs the given keyword with the given arguments and ignores possible error.</doc>
<status status="PASS" start="2025-09-15T21:10:32.249521" elapsed="0.312767"/>
</kw>
<doc>Teardown สำหรับแต่ละ test case</doc>
<status status="PASS" start="2025-09-15T21:10:30.913939" elapsed="1.648503"/>
</kw>
<doc>ทดสอบเบอร์โทรศัพท์ที่มีตัวอักษร</doc>
<tag>Negative</tag>
<tag>Normal</tag>
<tag>PhoneValidation</tag>
<tag>UAT-Lab10-005</tag>
<status status="PASS" start="2025-09-15T21:10:13.213388" elapsed="19.349298"/>
</test>
<test id="s1-s3-t10" name="UAT-Lab10-005-TC04: Invalid Phone Format Mixed Characters" line="89">
<kw name="Test Setup" owner="keywords" type="SETUP">
<kw name="Navigate To Registration Page" owner="keywords">
<kw name="Go To" owner="SeleniumLibrary">
<msg time="2025-09-15T21:10:32.566985" level="INFO">Opening url 'http://localhost:7272/Lab10/Registration.html'</msg>
<arg>${REGISTRATION_URL}</arg>
<doc>Navigates the current browser window to the provided ``url``.</doc>
<status status="PASS" start="2025-09-15T21:10:32.566671" elapsed="0.329491"/>
</kw>
<kw name="Wait Until Page Contains Element" owner="SeleniumLibrary">
<arg>${FIRSTNAME_FIELD}</arg>
<arg>timeout=10s</arg>
<doc>Waits until the element ``locator`` appears on the current page.</doc>
<status status="PASS" start="2025-09-15T21:10:32.896713" elapsed="0.311567"/>
</kw>
<kw name="Page Should Contain" owner="SeleniumLibrary">
<msg time="2025-09-15T21:10:33.822761" level="INFO">Current page contains text 'Event Registration'.</msg>
<arg>Event Registration</arg>
<doc>Verifies that current page contains ``text``.</doc>
<status status="PASS" start="2025-09-15T21:10:33.208842" elapsed="0.614252"/>
</kw>
<doc>ไปยังหน้า Event Registration</doc>
<status status="PASS" start="2025-09-15T21:10:32.566251" elapsed="1.257369"/>
</kw>
<doc>Setup สำหรับแต่ละ test case</doc>
<status status="PASS" start="2025-09-15T21:10:32.565672" elapsed="1.258118"/>
</kw>
<kw name="Fill Complete Registration Form" owner="keywords">
<kw name="Clear All Form Fields" owner="keywords">
<kw name="Execute Javascript" owner="SeleniumLibrary">
<msg time="2025-09-15T21:10:33.827022" level="INFO">Executing JavaScript:
try {document.getElementById('firstname').value = '';document.getElementById('lastname').value = '';document.getElementById('organization').value = '';document.getElementById('email').value = '';document.getElementById('phone').value = '';document.getElementById('errors').innerHTML = '';} catch(e) {console.log('Form clearing error: ' + e.message);}
Without any arguments.</msg>
<arg>try {</arg>
<arg>document.getElementById('firstname').value = '';</arg>
<arg>document.getElementById('lastname').value = '';</arg>
<arg>document.getElementById('organization').value = '';</arg>
<arg>document.getElementById('email').value = '';</arg>
<arg>document.getElementById('phone').value = '';</arg>
<arg>document.getElementById('errors').innerHTML = '';</arg>
<arg>} catch(e) {</arg>
<arg>console.log('Form clearing error: ' + e.message);</arg>
<arg>}</arg>
<doc>Executes the given JavaScript code with possible arguments.</doc>
<status status="PASS" start="2025-09-15T21:10:33.826045" elapsed="0.309605"/>
</kw>
<doc>ล้างข้อมูลทุกช่องในฟอร์ม</doc>
<status status="PASS" start="2025-09-15T21:10:33.825562" elapsed="0.310441"/>
</kw>
<kw name="Fill Form Field" owner="keywords">
<kw name="Wait Until Element Is Visible" owner="SeleniumLibrary">
<arg>${field_locator}</arg>
<arg>timeout=10s</arg>
<doc>Waits until the element ``locator`` is visible.</doc>
<status status="PASS" start="2025-09-15T21:10:34.137223" elapsed="0.619067"/>
</kw>
<kw name="Clear Element Text" owner="SeleniumLibrary">
<arg>${field_locator}</arg>
<doc>Clears the value of the text-input-element identified by ``locator``.</doc>
<status status="PASS" start="2025-09-15T21:10:34.756835" elapsed="0.620987"/>
</kw>
<kw name="Input Text" owner="SeleniumLibrary">
<msg time="2025-09-15T21:10:35.379060" level="INFO">Typing text 'Somsri' into text field 'id:firstname'.</msg>
<arg>${field_locator}</arg>
<arg>${value}</arg>
<doc>Types the given ``text`` into the text field identified by ``locator``.</doc>
<status status="PASS" start="2025-09-15T21:10:35.378362" elapsed="0.949317"/>
</kw>
<arg>${FIRSTNAME_FIELD}</arg>
<arg>${firstname}</arg>
<doc>กรอกข้อมูลในช่องที่กำหนด</doc>
<status status="PASS" start="2025-09-15T21:10:34.136451" elapsed="2.191568"/>
</kw>
<kw name="Fill Form Field" owner="keywords">
<kw name="Wait Until Element Is Visible" owner="SeleniumLibrary">
<arg>${field_locator}</arg>
<arg>timeout=10s</arg>
<doc>Waits until the element ``locator`` is visible.</doc>
<status status="PASS" start="2025-09-15T21:10:36.329358" elapsed="0.625963"/>
</kw>
<kw name="Clear Element Text" owner="SeleniumLibrary">
<arg>${field_locator}</arg>
<doc>Clears the value of the text-input-element identified by ``locator``.</doc>
<status status="PASS" start="2025-09-15T21:10:36.955877" elapsed="0.616614"/>
</kw>
<kw name="Input Text" owner="SeleniumLibrary">
<msg time="2025-09-15T21:10:37.573776" level="INFO">Typing text 'Sodsai' into text field 'id:lastname'.</msg>
<arg>${field_locator}</arg>
<arg>${value}</arg>
<doc>Types the given ``text`` into the text field identified by ``locator``.</doc>
<status status="PASS" start="2025-09-15T21:10:37.573046" elapsed="0.933325"/>
</kw>
<arg>${LASTNAME_FIELD}</arg>
<arg>${lastname}</arg>
<doc>กรอกข้อมูลในช่องที่กำหนด</doc>
<status status="PASS" start="2025-09-15T21:10:36.328542" elapsed="2.178204"/>
</kw>
<kw name="Fill Form Field" owner="keywords">
<kw name="Wait Until Element Is Visible" owner="SeleniumLibrary">
<arg>${field_locator}</arg>
<arg>timeout=10s</arg>
<doc>Waits until the element ``locator`` is visible.</doc>
<status status="PASS" start="2025-09-15T21:10:38.508135" elapsed="0.627640"/>
</kw>
<kw name="Clear Element Text" owner="SeleniumLibrary">
<arg>${field_locator}</arg>
<doc>Clears the value of the text-input-element identified by ``locator``.</doc>
<status status="PASS" start="2025-09-15T21:10:39.136182" elapsed="0.622142"/>
</kw>
<kw name="Input Text" owner="SeleniumLibrary">
<msg time="2025-09-15T21:10:39.759280" level="INFO">Typing text 'CS KKU' into text field 'id:organization'.</msg>
<arg>${field_locator}</arg>
<arg>${value}</arg>
<doc>Types the given ``text`` into the text field identified by ``locator``.</doc>
<status status="PASS" start="2025-09-15T21:10:39.758760" elapsed="0.934492"/>
</kw>
<arg>${ORGANIZATION_FIELD}</arg>
<arg>${organization}</arg>
<doc>กรอกข้อมูลในช่องที่กำหนด</doc>
<status status="PASS" start="2025-09-15T21:10:38.507284" elapsed="2.186110"/>
</kw>
<kw name="Fill Form Field" owner="keywords">
<kw name="Wait Until Element Is Visible" owner="SeleniumLibrary">
<arg>${field_locator}</arg>
<arg>timeout=10s</arg>
<doc>Waits until the element ``locator`` is visible.</doc>
<status status="PASS" start="2025-09-15T21:10:40.693983" elapsed="0.623420"/>
</kw>
<kw name="Clear Element Text" owner="SeleniumLibrary">
<arg>${field_locator}</arg>
<doc>Clears the value of the text-input-element identified by ``locator``.</doc>
<status status="PASS" start="2025-09-15T21:10:41.317944" elapsed="0.616267"/>
</kw>
<kw name="Input Text" owner="SeleniumLibrary">
<msg time="2025-09-15T21:10:41.934844" level="INFO">Typing text 'somsri@kkumail.com' into text field 'id:email'.</msg>
<arg>${field_locator}</arg>
<arg>${value}</arg>
<doc>Types the given ``text`` into the text field identified by ``locator``.</doc>
<status status="PASS" start="2025-09-15T21:10:41.934505" elapsed="0.933678"/>
</kw>
<arg>${EMAIL_FIELD}</arg>
<arg>${email}</arg>
<doc>กรอกข้อมูลในช่องที่กำหนด</doc>
<status status="PASS" start="2025-09-15T21:10:40.693621" elapsed="2.174881"/>
</kw>
<kw name="Fill Form Field" owner="keywords">
<kw name="Wait Until Element Is Visible" owner="SeleniumLibrary">
<arg>${field_locator}</arg>
<arg>timeout=10s</arg>
<doc>Waits until the element ``locator`` is visible.</doc>
<status status="PASS" start="2025-09-15T21:10:42.869905" elapsed="0.622048"/>
</kw>
<kw name="Clear Element Text" owner="SeleniumLibrary">
<arg>${field_locator}</arg>
<doc>Clears the value of the text-input-element identified by ``locator``.</doc>
<status status="PASS" start="2025-09-15T21:10:43.492476" elapsed="0.620686"/>
</kw>
<kw name="Input Text" owner="SeleniumLibrary">
<msg time="2025-09-15T21:10:44.114186" level="INFO">Typing text '081@001#1234' into text field 'id:phone'.</msg>
<arg>${field_locator}</arg>
<arg>${value}</arg>
<doc>Types the given ``text`` into the text field identified by ``locator``.</doc>
<status status="PASS" start="2025-09-15T21:10:44.113607" elapsed="0.942710"/>
</kw>
<arg>${PHONE_FIELD}</arg>
<arg>${phone}</arg>
<doc>กรอกข้อมูลในช่องที่กำหนด</doc>
<status status="PASS" start="2025-09-15T21:10:42.869074" elapsed="2.187548"/>
</kw>
<arg>phone=081@001#1234</arg>
<doc>กรอกฟอร์มลงทะเบียนแบบครบถ้วน</doc>
<status status="PASS" start="2025-09-15T21:10:33.824476" elapsed="11.232272"/>
</kw>
<kw name="Submit Registration Form" owner="keywords">
<kw name="Click Button" owner="SeleniumLibrary">
<msg time="2025-09-15T21:10:45.058309" level="INFO">Clicking button 'id:registerButton'.</msg>
<arg>${REGISTER_BUTTON}</arg>
<doc>Clicks the button identified by ``locator``.</doc>
<status status="PASS" start="2025-09-15T21:10:45.057977" elapsed="0.989472"/>
</kw>
<kw name="Sleep" owner="BuiltIn">
<msg time="2025-09-15T21:10:48.050021" level="INFO">Slept 2 seconds.</msg>
<arg>2s</arg>
<doc>Pauses the test executed for the given time.</doc>
<status status="PASS" start="2025-09-15T21:10:46.047989" elapsed="2.002362"/>
</kw>
<doc>กดปุ่มลงทะเบียน</doc>
<status status="PASS" start="2025-09-15T21:10:45.057495" elapsed="2.993134"/>
</kw>
<kw name="Verify Error Message" owner="keywords">
<kw name="Wait Until Element Contains" owner="SeleniumLibrary">
<arg>${ERROR_MESSAGE}</arg>
<arg>${expected_message}</arg>
<arg>timeout=10s</arg>
<doc>Waits until the element ``locator`` contains ``text``.</doc>
<status status="PASS" start="2025-09-15T21:10:48.052044" elapsed="0.621803"/>
</kw>
<kw name="Element Should Contain" owner="SeleniumLibrary">
<msg time="2025-09-15T21:10:49.301884" level="INFO">Element 'id:errors' contains text 'Please enter a valid phone number!!'.</msg>
<arg>${ERROR_MESSAGE}</arg>
<arg>${expected_message}</arg>
<doc>Verifies that element ``locator`` contains text ``expected``.</doc>
<status status="PASS" start="2025-09-15T21:10:48.674397" elapsed="0.627828"/>
</kw>
<arg>${MSG_INVALID_PHONE}</arg>
<doc>ตรวจสอบข้อความแสดงข้อผิดพลาด</doc>
<status status="PASS" start="2025-09-15T21:10:48.051278" elapsed="1.251227"/>
</kw>
<kw name="Verify Still On Registration Page" owner="keywords">
<kw name="Location Should Contain" owner="SeleniumLibrary">
<msg time="2025-09-15T21:10:49.614181" level="INFO">Current location contains 'Registration.html'.</msg>
<arg>Registration.html</arg>
<doc>Verifies that the current URL contains ``expected``.</doc>
<status status="PASS" start="2025-09-15T21:10:49.303862" elapsed="0.310564"/>
</kw>
<kw name="Page Should Contain" owner="SeleniumLibrary">
<msg time="2025-09-15T21:10:50.226039" level="INFO">Current page contains text 'Event Registration'.</msg>
<arg>Event Registration</arg>
<doc>Verifies that current page contains ``text``.</doc>
<status status="PASS" start="2025-09-15T21:10:49.614788" elapsed="0.611600"/>
</kw>
<doc>ตรวจสอบว่ายังอยู่ในหน้า Registration</doc>
<status status="PASS" start="2025-09-15T21:10:49.303184" elapsed="0.923464"/>
</kw>
<kw name="Test Teardown" owner="keywords" type="TEARDOWN">
<kw name="Run Keyword If" owner="BuiltIn">
<arg>'${TEST STATUS}' == 'FAIL'</arg>
<arg>Capture Page Screenshot</arg>
<doc>Runs the given keyword with the given arguments, if ``condition`` is true.</doc>
<status status="PASS" start="2025-09-15T21:10:50.228244" elapsed="0.000434"/>
</kw>
<kw name="Run Keyword And Ignore Error" owner="BuiltIn">
<kw name="Go To" owner="SeleniumLibrary">
<msg time="2025-09-15T21:10:50.229465" level="INFO">Opening url 'http://localhost:7272/Lab10/Registration.html'</msg>
<arg>${REGISTRATION_URL}</arg>
<doc>Navigates the current browser window to the provided ``url``.</doc>
<status status="PASS" start="2025-09-15T21:10:50.229195" elapsed="0.332327"/>
</kw>
<arg>Go To</arg>
<arg>${REGISTRATION_URL}</arg>
<doc>Runs the given keyword with the given arguments and ignores possible error.</doc>
<status status="PASS" start="2025-09-15T21:10:50.228925" elapsed="0.332797"/>
</kw>
<kw name="Sleep" owner="BuiltIn">
<msg time="2025-09-15T21:10:51.563952" level="INFO">Slept 1 second.</msg>
<arg>1s</arg>
<doc>Pauses the test executed for the given time.</doc>
<status status="PASS" start="2025-09-15T21:10:50.562068" elapsed="1.002144"/>
</kw>
<kw name="Run Keyword And Ignore Error" owner="BuiltIn">
<kw name="Clear All Form Fields" owner="keywords">
<kw name="Execute Javascript" owner="SeleniumLibrary">
<msg time="2025-09-15T21:10:51.566743" level="INFO">Executing JavaScript:
try {document.getElementById('firstname').value = '';document.getElementById('lastname').value = '';document.getElementById('organization').value = '';document.getElementById('email').value = '';document.getElementById('phone').value = '';document.getElementById('errors').innerHTML = '';} catch(e) {console.log('Form clearing error: ' + e.message);}
Without any arguments.</msg>
<arg>try {</arg>
<arg>document.getElementById('firstname').value = '';</arg>
<arg>document.getElementById('lastname').value = '';</arg>
<arg>document.getElementById('organization').value = '';</arg>
<arg>document.getElementById('email').value = '';</arg>
<arg>document.getElementById('phone').value = '';</arg>
<arg>document.getElementById('errors').innerHTML = '';</arg>
<arg>} catch(e) {</arg>
<arg>console.log('Form clearing error: ' + e.message);</arg>
<arg>}</arg>
<doc>Executes the given JavaScript code with possible arguments.</doc>
<status status="PASS" start="2025-09-15T21:10:51.565661" elapsed="0.312897"/>
</kw>
<doc>ล้างข้อมูลทุกช่องในฟอร์ม</doc>
<status status="PASS" start="2025-09-15T21:10:51.565085" elapsed="0.313786"/>
</kw>
<arg>Clear All Form Fields</arg>
<doc>Runs the given keyword with the given arguments and ignores possible error.</doc>
<status status="PASS" start="2025-09-15T21:10:51.564606" elapsed="0.314401"/>
</kw>
<doc>Teardown สำหรับแต่ละ test case</doc>
<status status="PASS" start="2025-09-15T21:10:50.227498" elapsed="1.651633"/>
</kw>
<doc>ทดสอบเบอร์โทรศัพท์ที่มีอักขระผสม</doc>
<tag>Negative</tag>
<tag>Normal</tag>
<tag>PhoneValidation</tag>
<tag>UAT-Lab10-005</tag>
<status status="PASS" start="2025-09-15T21:10:32.563365" elapsed="19.315971"/>
</test>
<kw name="Suite Teardown" owner="keywords" type="TEARDOWN">
<kw name="Close Test Browser" owner="keywords">
<kw name="Close Browser" owner="SeleniumLibrary">
<doc>Closes the current browser.</doc>
<status status="PASS" start="2025-09-15T21:10:51.881259" elapsed="0.490417"/>
</kw>
<doc>ปิด Browser</doc>
<status status="PASS" start="2025-09-15T21:10:51.880938" elapsed="0.491033"/>
</kw>
<doc>Teardown สำหรับ test suite</doc>
<status status="PASS" start="2025-09-15T21:10:51.880463" elapsed="0.491653"/>
</kw>
<doc>Invalid test cases for Event Registration</doc>
<status status="PASS" start="2025-09-15T21:07:58.491839" elapsed="173.880363"/>
</suite>
<status status="PASS" start="2025-09-15T21:05:18.241507" elapsed="334.132942"/>
</suite>
<statistics>
<total>
<stat pass="20" fail="0" skip="0">All Tests</stat>
</total>
<tag>
<stat pass="1" fail="0" skip="0">CompleteData</stat>
<stat pass="14" fail="0" skip="0">Critical</stat>
<stat pass="1" fail="0" skip="0">MinimumData</stat>
<stat pass="10" fail="0" skip="0">Negative</stat>
<stat pass="6" fail="0" skip="0">Normal</stat>
<stat pass="3" fail="0" skip="0">PhoneFormat</stat>
<stat pass="3" fail="0" skip="0">PhoneValidation</stat>
<stat pass="7" fail="0" skip="0">Positive</stat>
<stat pass="3" fail="0" skip="0">Smoke</stat>
<stat pass="2" fail="0" skip="0">Success</stat>
<stat pass="2" fail="0" skip="0">UAT-Lab10-001</stat>
<stat pass="6" fail="0" skip="0">UAT-Lab10-002</stat>
<stat pass="3" fail="0" skip="0">UAT-Lab10-003</stat>
<stat pass="2" fail="0" skip="0">UAT-Lab10-004</stat>
<stat pass="4" fail="0" skip="0">UAT-Lab10-005</stat>
<stat pass="7" fail="0" skip="0">Validation</stat>
</tag>
<suite>
<stat name="Smoke Test &amp; Valid &amp; Invalid" id="s1" pass="20" fail="0" skip="0">Smoke Test &amp; Valid &amp; Invalid</stat>
<stat name="Smoke Test" id="s1-s1" pass="3" fail="0" skip="0">Smoke Test &amp; Valid &amp; Invalid.Smoke Test</stat>
<stat name="Valid" id="s1-s2" pass="7" fail="0" skip="0">Smoke Test &amp; Valid &amp; Invalid.Valid</stat>
<stat name="Invalid" id="s1-s3" pass="10" fail="0" skip="0">Smoke Test &amp; Valid &amp; Invalid.Invalid</stat>
</suite>
</statistics>
<errors>
</errors>
</robot>
